# JRE version: OpenJDK Runtime Environment (17.0.6) (build 17.0.6+0-b2043.56-10027231)
# Java VM: OpenJDK 64-Bit Server VM (17.0.6+0-b2043.56-10027231, mixed mode, tiered, compressed oops, compressed class ptrs, g1 gc, windows-amd64)
GC Precious Log:
 CPUs: 4 total, 4 available
 Memory: 8035M
 Large Page Support: Disabled
 NUMA Support: Disabled
 Compressed Oops: Enabled (32-bit)
 Heap Region Size: 1M
 Heap Min Capacity: 8M
 Heap Initial Capacity: 126M
 Heap Max Capacity: 2G
 Pre-touch: Disabled
 Parallel Workers: 4
 Concurrent Workers: 1
 Concurrent Refinement Workers: 4
 Periodic GC: Disabled
Heap:
 garbage-first heap   total 386048K, used 296817K [0x0000000080000000, 0x0000000100000000)
  region size 1024K, 7 young (7168K), 7 survivors (7168K)
 Metaspace       used 119848K, committed 120704K, reserved 1155072K
  class space    used 16216K, committed 16640K, reserved 1048576K
GC Heap History (20 events):
Event: 22.908 GC heap after
{Heap after GC invocations=32 (full 0):
 garbage-first heap   total 222208K, used 123612K [0x0000000080000000, 0x0000000100000000)
  region size 1024K, 1 young (1024K), 1 survivors (1024K)
 Metaspace       used 105305K, committed 106112K, reserved 1146880K
  class space    used 14154K, committed 14528K, reserved 1048576K
}
Event: 23.532 GC heap before
{Heap before GC invocations=32 (full 0):
 garbage-first heap   total 222208K, used 168668K [0x0000000080000000, 0x0000000100000000)
  region size 1024K, 46 young (47104K), 1 survivors (1024K)
 Metaspace       used 106692K, committed 107456K, reserved 1146880K
  class space    used 14314K, committed 14656K, reserved 1048576K
}
Event: 23.541 GC heap after
{Heap after GC invocations=33 (full 0):
 garbage-first heap   total 222208K, used 128429K [0x0000000080000000, 0x0000000100000000)
  region size 1024K, 6 young (6144K), 6 survivors (6144K)
 Metaspace       used 106692K, committed 107456K, reserved 1146880K
  class space    used 14314K, committed 14656K, reserved 1048576K
}
Event: 24.046 GC heap before
{Heap before GC invocations=34 (full 0):
 garbage-first heap   total 237568K, used 166317K [0x0000000080000000, 0x0000000100000000)
  region size 1024K, 49 young (50176K), 6 survivors (6144K)
 Metaspace       used 107327K, committed 108032K, reserved 1146880K
  class space    used 14387K, committed 14720K, reserved 1048576K
}
Event: 24.055 GC heap after
{Heap after GC invocations=35 (full 0):
 garbage-first heap   total 237568K, used 128578K [0x0000000080000000, 0x0000000100000000)
  region size 1024K, 6 young (6144K), 6 survivors (6144K)
 Metaspace       used 107327K, committed 108032K, reserved 1146880K
  class space    used 14387K, committed 14720K, reserved 1048576K
}
Event: 24.113 GC heap before
{Heap before GC invocations=35 (full 0):
 garbage-first heap   total 237568K, used 133698K [0x0000000080000000, 0x0000000100000000)
  region size 1024K, 11 young (11264K), 6 survivors (6144K)
 Metaspace       used 107559K, committed 108288K, reserved 1146880K
  class space    used 14414K, committed 14784K, reserved 1048576K
}
Event: 24.121 GC heap after
{Heap after GC invocations=36 (full 0):
 garbage-first heap   total 237568K, used 114921K [0x0000000080000000, 0x0000000100000000)
  region size 1024K, 1 young (1024K), 1 survivors (1024K)
 Metaspace       used 107559K, committed 108288K, reserved 1146880K
  class space    used 14414K, committed 14784K, reserved 1048576K
}
Event: 26.958 GC heap before
{Heap before GC invocations=36 (full 0):
 garbage-first heap   total 237568K, used 176361K [0x0000000080000000, 0x0000000100000000)
  region size 1024K, 62 young (63488K), 1 survivors (1024K)
 Metaspace       used 107873K, committed 108544K, reserved 1146880K
  class space    used 14450K, committed 14784K, reserved 1048576K
}
Event: 26.969 GC heap after
{Heap after GC invocations=37 (full 0):
 garbage-first heap   total 386048K, used 120605K [0x0000000080000000, 0x0000000100000000)
  region size 1024K, 7 young (7168K), 7 survivors (7168K)
 Metaspace       used 107873K, committed 108544K, reserved 1146880K
  class space    used 14450K, committed 14784K, reserved 1048576K
}
Event: 28.194 GC heap before
{Heap before GC invocations=37 (full 0):
 garbage-first heap   total 386048K, used 313117K [0x0000000080000000, 0x0000000100000000)
  region size 1024K, 152 young (155648K), 7 survivors (7168K)
 Metaspace       used 114715K, committed 115456K, reserved 1155072K
  class space    used 15537K, committed 15936K, reserved 1048576K
}
Event: 28.240 GC heap after
{Heap after GC invocations=38 (full 0):
 garbage-first heap   total 386048K, used 179482K [0x0000000080000000, 0x0000000100000000)
  region size 1024K, 19 young (19456K), 19 survivors (19456K)
 Metaspace       used 114715K, committed 115456K, reserved 1155072K
  class space    used 15537K, committed 15936K, reserved 1048576K
}
Event: 29.001 GC heap before
{Heap before GC invocations=38 (full 0):
 garbage-first heap   total 386048K, used 281882K [0x0000000080000000, 0x0000000100000000)
  region size 1024K, 116 young (118784K), 19 survivors (19456K)
 Metaspace       used 117557K, committed 118336K, reserved 1155072K
  class space    used 15927K, committed 16320K, reserved 1048576K
}
Event: 29.108 GC heap after
{Heap after GC invocations=39 (full 0):
 garbage-first heap   total 386048K, used 223601K [0x0000000080000000, 0x0000000100000000)
  region size 1024K, 15 young (15360K), 15 survivors (15360K)
 Metaspace       used 117557K, committed 118336K, reserved 1155072K
  class space    used 15927K, committed 16320K, reserved 1048576K
}
Event: 29.849 GC heap before
{Heap before GC invocations=39 (full 0):
 garbage-first heap   total 386048K, used 291185K [0x0000000080000000, 0x0000000100000000)
  region size 1024K, 81 young (82944K), 15 survivors (15360K)
 Metaspace       used 119014K, committed 119808K, reserved 1155072K
  class space    used 16132K, committed 16512K, reserved 1048576K
}
Event: 29.877 GC heap after
{Heap after GC invocations=40 (full 0):
 garbage-first heap   total 386048K, used 236401K [0x0000000080000000, 0x0000000100000000)
  region size 1024K, 11 young (11264K), 11 survivors (11264K)
 Metaspace       used 119014K, committed 119808K, reserved 1155072K
  class space    used 16132K, committed 16512K, reserved 1048576K
}
Event: 30.935 GC heap before
{Heap before GC invocations=40 (full 0):
 garbage-first heap   total 386048K, used 317297K [0x0000000080000000, 0x0000000100000000)
  region size 1024K, 73 young (74752K), 11 survivors (11264K)
 Metaspace       used 119443K, committed 120256K, reserved 1155072K
  class space    used 16177K, committed 16576K, reserved 1048576K
}
Event: 30.953 GC heap after
{Heap after GC invocations=41 (full 0):
 garbage-first heap   total 386048K, used 257265K [0x0000000080000000, 0x0000000100000000)
  region size 1024K, 6 young (6144K), 6 survivors (6144K)
 Metaspace       used 119443K, committed 120256K, reserved 1155072K
  class space    used 16177K, committed 16576K, reserved 1048576K
}
Event: 31.403 GC heap before
{Heap before GC invocations=41 (full 0):
 garbage-first heap   total 386048K, used 321777K [0x0000000080000000, 0x0000000100000000)
  region size 1024K, 59 young (60416K), 6 survivors (6144K)
 Metaspace       used 119771K, committed 120576K, reserved 1155072K
  class space    used 16213K, committed 16576K, reserved 1048576K
}
Event: 31.417 GC heap after
{Heap after GC invocations=42 (full 0):
 garbage-first heap   total 386048K, used 274802K [0x0000000080000000, 0x0000000100000000)
  region size 1024K, 7 young (7168K), 7 survivors (7168K)
 Metaspace       used 119771K, committed 120576K, reserved 1155072K
  class space    used 16213K, committed 16576K, reserved 1048576K
}
Event: 31.595 GC heap before
{Heap before GC invocations=42 (full 0):
 garbage-first heap   total 386048K, used 333170K [0x0000000080000000, 0x0000000100000000)
  region size 1024K, 52 young (53248K), 7 survivors (7168K)
 Metaspace       used 119848K, committed 120704K, reserved 1155072K
  class space    used 16216K, committed 16640K, reserved 1048576K
}

