# JRE version: OpenJDK Runtime Environment (17.0.6) (build 17.0.6+0-b2043.56-10027231)
# Java VM: OpenJDK 64-Bit Server VM (17.0.6+0-b2043.56-10027231, mixed mode, tiered, compressed oops, compressed class ptrs, g1 gc, windows-amd64)
GC Precious Log:
 CPUs: 4 total, 4 available
 Memory: 8035M
 Large Page Support: Disabled
 NUMA Support: Disabled
 Compressed Oops: Enabled (32-bit)
 Heap Region Size: 1M
 Heap Min Capacity: 8M
 Heap Initial Capacity: 126M
 Heap Max Capacity: 2010M
 Pre-touch: Disabled
 Parallel Workers: 4
 Concurrent Workers: 1
 Concurrent Refinement Workers: 4
 Periodic GC: Disabled
Heap:
 garbage-first heap   total 120832K, used 36385K [0x0000000082600000, 0x0000000100000000)
  region size 1024K, 9 young (9216K), 8 survivors (8192K)
 Metaspace       used 52483K, committed 52736K, reserved 1097728K
  class space    used 6255K, committed 6400K, reserved 1048576K
GC Heap History (20 events):
Event: 3.062 GC heap before
{Heap before GC invocations=2 (full 0):
 garbage-first heap   total 129024K, used 33596K [0x0000000082600000, 0x0000000100000000)
  region size 1024K, 28 young (28672K), 2 survivors (2048K)
 Metaspace       used 21317K, committed 21504K, reserved 1073152K
  class space    used 2323K, committed 2432K, reserved 1048576K
}
Event: 3.067 GC heap after
{Heap after GC invocations=3 (full 0):
 garbage-first heap   total 129024K, used 10458K [0x0000000082600000, 0x0000000100000000)
  region size 1024K, 5 young (5120K), 5 survivors (5120K)
 Metaspace       used 21317K, committed 21504K, reserved 1073152K
  class space    used 2323K, committed 2432K, reserved 1048576K
}
Event: 3.498 GC heap before
{Heap before GC invocations=4 (full 0):
 garbage-first heap   total 45056K, used 35034K [0x0000000082600000, 0x0000000100000000)
  region size 1024K, 26 young (26624K), 5 survivors (5120K)
 Metaspace       used 27751K, committed 27904K, reserved 1081344K
  class space    used 3043K, committed 3136K, reserved 1048576K
}
Event: 3.507 GC heap after
{Heap after GC invocations=5 (full 0):
 garbage-first heap   total 45056K, used 16678K [0x0000000082600000, 0x0000000100000000)
  region size 1024K, 3 young (3072K), 3 survivors (3072K)
 Metaspace       used 27751K, committed 27904K, reserved 1081344K
  class space    used 3043K, committed 3136K, reserved 1048576K
}
Event: 3.536 GC heap before
{Heap before GC invocations=5 (full 0):
 garbage-first heap   total 45056K, used 17702K [0x0000000082600000, 0x0000000100000000)
  region size 1024K, 4 young (4096K), 3 survivors (3072K)
 Metaspace       used 28010K, committed 28288K, reserved 1081344K
  class space    used 3072K, committed 3200K, reserved 1048576K
}
Event: 3.538 GC heap after
{Heap after GC invocations=6 (full 0):
 garbage-first heap   total 45056K, used 16692K [0x0000000082600000, 0x0000000100000000)
  region size 1024K, 1 young (1024K), 1 survivors (1024K)
 Metaspace       used 28010K, committed 28288K, reserved 1081344K
  class space    used 3072K, committed 3200K, reserved 1048576K
}
Event: 3.924 GC heap before
{Heap before GC invocations=6 (full 0):
 garbage-first heap   total 45056K, used 34100K [0x0000000082600000, 0x0000000100000000)
  region size 1024K, 17 young (17408K), 1 survivors (1024K)
 Metaspace       used 31202K, committed 31424K, reserved 1081344K
  class space    used 3771K, committed 3904K, reserved 1048576K
}
Event: 3.929 GC heap after
{Heap after GC invocations=7 (full 0):
 garbage-first heap   total 45056K, used 21504K [0x0000000082600000, 0x0000000100000000)
  region size 1024K, 3 young (3072K), 3 survivors (3072K)
 Metaspace       used 31202K, committed 31424K, reserved 1081344K
  class space    used 3771K, committed 3904K, reserved 1048576K
}
Event: 4.172 GC heap before
{Heap before GC invocations=7 (full 0):
 garbage-first heap   total 45056K, used 32768K [0x0000000082600000, 0x0000000100000000)
  region size 1024K, 15 young (15360K), 3 survivors (3072K)
 Metaspace       used 33783K, committed 33984K, reserved 1081344K
  class space    used 4274K, committed 4352K, reserved 1048576K
}
Event: 4.179 GC heap after
{Heap after GC invocations=8 (full 0):
 garbage-first heap   total 60416K, used 23514K [0x0000000082600000, 0x0000000100000000)
  region size 1024K, 2 young (2048K), 2 survivors (2048K)
 Metaspace       used 33783K, committed 33984K, reserved 1081344K
  class space    used 4274K, committed 4352K, reserved 1048576K
}
Event: 4.324 GC heap before
{Heap before GC invocations=8 (full 0):
 garbage-first heap   total 60416K, used 31706K [0x0000000082600000, 0x0000000100000000)
  region size 1024K, 11 young (11264K), 2 survivors (2048K)
 Metaspace       used 35975K, committed 36160K, reserved 1081344K
  class space    used 4508K, committed 4608K, reserved 1048576K
}
Event: 4.328 GC heap after
{Heap after GC invocations=9 (full 0):
 garbage-first heap   total 60416K, used 24767K [0x0000000082600000, 0x0000000100000000)
  region size 1024K, 2 young (2048K), 2 survivors (2048K)
 Metaspace       used 35975K, committed 36160K, reserved 1081344K
  class space    used 4508K, committed 4608K, reserved 1048576K
}
Event: 4.618 GC heap before
{Heap before GC invocations=10 (full 0):
 garbage-first heap   total 60416K, used 44223K [0x0000000082600000, 0x0000000100000000)
  region size 1024K, 21 young (21504K), 2 survivors (2048K)
 Metaspace       used 39421K, committed 39616K, reserved 1089536K
  class space    used 4889K, committed 4992K, reserved 1048576K
}
Event: 4.623 GC heap after
{Heap after GC invocations=11 (full 0):
 garbage-first heap   total 60416K, used 25309K [0x0000000082600000, 0x0000000100000000)
  region size 1024K, 3 young (3072K), 3 survivors (3072K)
 Metaspace       used 39421K, committed 39616K, reserved 1089536K
  class space    used 4889K, committed 4992K, reserved 1048576K
}
Event: 4.634 GC heap before
{Heap before GC invocations=11 (full 0):
 garbage-first heap   total 60416K, used 25309K [0x0000000082600000, 0x0000000100000000)
  region size 1024K, 4 young (4096K), 3 survivors (3072K)
 Metaspace       used 39625K, committed 39808K, reserved 1089536K
  class space    used 4907K, committed 4992K, reserved 1048576K
}
Event: 4.639 GC heap after
{Heap after GC invocations=12 (full 0):
 garbage-first heap   total 60416K, used 25668K [0x0000000082600000, 0x0000000100000000)
  region size 1024K, 1 young (1024K), 1 survivors (1024K)
 Metaspace       used 39625K, committed 39808K, reserved 1089536K
  class space    used 4907K, committed 4992K, reserved 1048576K
}
Event: 4.989 GC heap before
{Heap before GC invocations=12 (full 0):
 garbage-first heap   total 60416K, used 43076K [0x0000000082600000, 0x0000000100000000)
  region size 1024K, 19 young (19456K), 1 survivors (1024K)
 Metaspace       used 43481K, committed 43712K, reserved 1089536K
  class space    used 5256K, committed 5376K, reserved 1048576K
}
Event: 4.994 GC heap after
{Heap after GC invocations=13 (full 0):
 garbage-first heap   total 60416K, used 26953K [0x0000000082600000, 0x0000000100000000)
  region size 1024K, 2 young (2048K), 2 survivors (2048K)
 Metaspace       used 43481K, committed 43712K, reserved 1089536K
  class space    used 5256K, committed 5376K, reserved 1048576K
}
Event: 5.615 GC heap before
{Heap before GC invocations=13 (full 0):
 garbage-first heap   total 60416K, used 47433K [0x0000000082600000, 0x0000000100000000)
  region size 1024K, 20 young (20480K), 2 survivors (2048K)
 Metaspace       used 48462K, committed 48640K, reserved 1097728K
  class space    used 5825K, committed 5888K, reserved 1048576K
}
Event: 5.621 GC heap after
{Heap after GC invocations=14 (full 0):
 garbage-first heap   total 120832K, used 31154K [0x0000000082600000, 0x0000000100000000)
  region size 1024K, 3 young (3072K), 3 survivors (3072K)
 Metaspace       used 48462K, committed 48640K, reserved 1097728K
  class space    used 5825K, committed 5888K, reserved 1048576K
}

