# JRE version: OpenJDK Runtime Environment (17.0.6) (build 17.0.6+0-b2043.56-10027231)
# Java VM: OpenJDK 64-Bit Server VM (17.0.6+0-b2043.56-10027231, mixed mode, tiered, compressed oops, compressed class ptrs, g1 gc, windows-amd64)
GC Precious Log:
 CPUs: 4 total, 4 available
 Memory: 8035M
 Large Page Support: Disabled
 NUMA Support: Disabled
 Compressed Oops: Enabled (32-bit)
 Heap Region Size: 1M
 Heap Min Capacity: 8M
 Heap Initial Capacity: 126M
 Heap Max Capacity: 2G
 Pre-touch: Disabled
 Parallel Workers: 4
 Concurrent Workers: 1
 Concurrent Refinement Workers: 4
 Periodic GC: Disabled
Heap:
 garbage-first heap   total 121856K, used 69858K [0x0000000080000000, 0x0000000100000000)
  region size 1024K, 9 young (9216K), 3 survivors (3072K)
 Metaspace       used 46387K, committed 46848K, reserved 1089536K
  class space    used 6178K, committed 6400K, reserved 1048576K
GC Heap History (20 events):
Event: 34.534 GC heap before
{Heap before GC invocations=7 (full 0):
 garbage-first heap   total 68608K, used 48495K [0x0000000080000000, 0x0000000100000000)
  region size 1024K, 22 young (22528K), 1 survivors (1024K)
 Metaspace       used 29366K, committed 29696K, reserved 1081344K
  class space    used 3987K, committed 4160K, reserved 1048576K
}
Event: 34.537 GC heap after
{Heap after GC invocations=8 (full 0):
 garbage-first heap   total 68608K, used 32539K [0x0000000080000000, 0x0000000100000000)
  region size 1024K, 4 young (4096K), 4 survivors (4096K)
 Metaspace       used 29366K, committed 29696K, reserved 1081344K
  class space    used 3987K, committed 4160K, reserved 1048576K
}
Event: 34.552 GC heap before
{Heap before GC invocations=8 (full 0):
 garbage-first heap   total 68608K, used 44827K [0x0000000080000000, 0x0000000100000000)
  region size 1024K, 5 young (5120K), 4 survivors (4096K)
 Metaspace       used 29367K, committed 29696K, reserved 1081344K
  class space    used 3987K, committed 4160K, reserved 1048576K
}
Event: 34.555 GC heap after
{Heap after GC invocations=9 (full 0):
 garbage-first heap   total 68608K, used 45006K [0x0000000080000000, 0x0000000100000000)
  region size 1024K, 1 young (1024K), 1 survivors (1024K)
 Metaspace       used 29367K, committed 29696K, reserved 1081344K
  class space    used 3987K, committed 4160K, reserved 1048576K
}
Event: 36.188 GC heap before
{Heap before GC invocations=10 (full 0):
 garbage-first heap   total 81920K, used 56270K [0x0000000080000000, 0x0000000100000000)
  region size 1024K, 11 young (11264K), 1 survivors (1024K)
 Metaspace       used 30685K, committed 31040K, reserved 1081344K
  class space    used 4182K, committed 4352K, reserved 1048576K
}
Event: 36.190 GC heap after
{Heap after GC invocations=11 (full 0):
 garbage-first heap   total 81920K, used 48650K [0x0000000080000000, 0x0000000100000000)
  region size 1024K, 2 young (2048K), 2 survivors (2048K)
 Metaspace       used 30685K, committed 31040K, reserved 1081344K
  class space    used 4182K, committed 4352K, reserved 1048576K
}
Event: 36.483 GC heap before
{Heap before GC invocations=11 (full 0):
 garbage-first heap   total 81920K, used 64010K [0x0000000080000000, 0x0000000100000000)
  region size 1024K, 17 young (17408K), 2 survivors (2048K)
 Metaspace       used 32688K, committed 33024K, reserved 1081344K
  class space    used 4522K, committed 4672K, reserved 1048576K
}
Event: 36.485 GC heap after
{Heap after GC invocations=12 (full 0):
 garbage-first heap   total 81920K, used 49535K [0x0000000080000000, 0x0000000100000000)
  region size 1024K, 1 young (1024K), 1 survivors (1024K)
 Metaspace       used 32688K, committed 33024K, reserved 1081344K
  class space    used 4522K, committed 4672K, reserved 1048576K
}
Event: 36.794 GC heap before
{Heap before GC invocations=13 (full 0):
 garbage-first heap   total 87040K, used 64895K [0x0000000080000000, 0x0000000100000000)
  region size 1024K, 16 young (16384K), 1 survivors (1024K)
 Metaspace       used 35196K, committed 35520K, reserved 1081344K
  class space    used 4895K, committed 5056K, reserved 1048576K
}
Event: 36.797 GC heap after
{Heap after GC invocations=14 (full 0):
 garbage-first heap   total 87040K, used 50156K [0x0000000080000000, 0x0000000100000000)
  region size 1024K, 2 young (2048K), 2 survivors (2048K)
 Metaspace       used 35196K, committed 35520K, reserved 1081344K
  class space    used 4895K, committed 5056K, reserved 1048576K
}
Event: 37.268 GC heap before
{Heap before GC invocations=14 (full 0):
 garbage-first heap   total 87040K, used 68588K [0x0000000080000000, 0x0000000100000000)
  region size 1024K, 21 young (21504K), 2 survivors (2048K)
 Metaspace       used 40624K, committed 41088K, reserved 1089536K
  class space    used 5498K, committed 5696K, reserved 1048576K
}
Event: 37.272 GC heap after
{Heap after GC invocations=15 (full 0):
 garbage-first heap   total 87040K, used 52758K [0x0000000080000000, 0x0000000100000000)
  region size 1024K, 3 young (3072K), 3 survivors (3072K)
 Metaspace       used 40624K, committed 41088K, reserved 1089536K
  class space    used 5498K, committed 5696K, reserved 1048576K
}
Event: 37.465 GC heap before
{Heap before GC invocations=16 (full 0):
 garbage-first heap   total 92160K, used 69142K [0x0000000080000000, 0x0000000100000000)
  region size 1024K, 20 young (20480K), 3 survivors (3072K)
 Metaspace       used 41684K, committed 42112K, reserved 1089536K
  class space    used 5581K, committed 5760K, reserved 1048576K
}
Event: 37.470 GC heap after
{Heap after GC invocations=17 (full 0):
 garbage-first heap   total 92160K, used 55337K [0x0000000080000000, 0x0000000100000000)
  region size 1024K, 3 young (3072K), 3 survivors (3072K)
 Metaspace       used 41684K, committed 42112K, reserved 1089536K
  class space    used 5581K, committed 5760K, reserved 1048576K
}
Event: 37.567 GC heap before
{Heap before GC invocations=17 (full 0):
 garbage-first heap   total 92160K, used 64553K [0x0000000080000000, 0x0000000100000000)
  region size 1024K, 14 young (14336K), 3 survivors (3072K)
 Metaspace       used 42153K, committed 42560K, reserved 1089536K
  class space    used 5626K, committed 5824K, reserved 1048576K
}
Event: 37.569 GC heap after
{Heap after GC invocations=18 (full 0):
 garbage-first heap   total 92160K, used 56123K [0x0000000080000000, 0x0000000100000000)
  region size 1024K, 2 young (2048K), 2 survivors (2048K)
 Metaspace       used 42153K, committed 42560K, reserved 1089536K
  class space    used 5626K, committed 5824K, reserved 1048576K
}
Event: 37.965 GC heap before
{Heap before GC invocations=19 (full 0):
 garbage-first heap   total 101376K, used 78651K [0x0000000080000000, 0x0000000100000000)
  region size 1024K, 21 young (21504K), 2 survivors (2048K)
 Metaspace       used 45196K, committed 45568K, reserved 1089536K
  class space    used 5985K, committed 6144K, reserved 1048576K
}
Event: 37.969 GC heap after
{Heap after GC invocations=20 (full 0):
 garbage-first heap   total 121856K, used 57032K [0x0000000080000000, 0x0000000100000000)
  region size 1024K, 2 young (2048K), 2 survivors (2048K)
 Metaspace       used 45196K, committed 45568K, reserved 1089536K
  class space    used 5985K, committed 6144K, reserved 1048576K
}
Event: 38.255 GC heap before
{Heap before GC invocations=20 (full 0):
 garbage-first heap   total 121856K, used 66248K [0x0000000080000000, 0x0000000100000000)
  region size 1024K, 12 young (12288K), 2 survivors (2048K)
 Metaspace       used 46112K, committed 46528K, reserved 1089536K
  class space    used 6133K, committed 6336K, reserved 1048576K
}
Event: 38.259 GC heap after
{Heap after GC invocations=21 (full 0):
 garbage-first heap   total 121856K, used 58594K [0x0000000080000000, 0x0000000100000000)
  region size 1024K, 3 young (3072K), 3 survivors (3072K)
 Metaspace       used 46112K, committed 46528K, reserved 1089536K
  class space    used 6133K, committed 6336K, reserved 1048576K
}

