# JRE version: OpenJDK Runtime Environment (17.0.6) (build 17.0.6+0-b2043.56-10027231)
# Java VM: OpenJDK 64-Bit Server VM (17.0.6+0-b2043.56-10027231, mixed mode, tiered, compressed oops, compressed class ptrs, g1 gc, windows-amd64)
GC Precious Log:
 CPUs: 4 total, 4 available
 Memory: 8035M
 Large Page Support: Disabled
 NUMA Support: Disabled
 Compressed Oops: Enabled (32-bit)
 Heap Region Size: 1M
 Heap Min Capacity: 8M
 Heap Initial Capacity: 126M
 Heap Max Capacity: 2010M
 Pre-touch: Disabled
 Parallel Workers: 4
 Concurrent Workers: 1
 Concurrent Refinement Workers: 4
 Periodic GC: Disabled
Heap:
 garbage-first heap   total 129024K, used 60389K [0x0000000082600000, 0x0000000100000000)
  region size 1024K, 2 young (2048K), 2 survivors (2048K)
 Metaspace       used 59092K, committed 59456K, reserved 1105920K
  class space    used 6885K, committed 7040K, reserved 1048576K
GC Heap History (20 events):
Event: 9.082 GC heap after
{Heap after GC invocations=22 (full 0):
 garbage-first heap   total 56320K, used 34102K [0x0000000082600000, 0x0000000100000000)
  region size 1024K, 1 young (1024K), 1 survivors (1024K)
 Metaspace       used 49535K, committed 49792K, reserved 1097728K
  class space    used 5916K, committed 6016K, reserved 1048576K
}
Event: 9.173 GC heap before
{Heap before GC invocations=23 (full 0):
 garbage-first heap   total 66560K, used 42294K [0x0000000082600000, 0x0000000100000000)
  region size 1024K, 9 young (9216K), 1 survivors (1024K)
 Metaspace       used 49605K, committed 49856K, reserved 1097728K
  class space    used 5916K, committed 6016K, reserved 1048576K
}
Event: 9.178 GC heap after
{Heap after GC invocations=24 (full 0):
 garbage-first heap   total 66560K, used 36259K [0x0000000082600000, 0x0000000100000000)
  region size 1024K, 2 young (2048K), 2 survivors (2048K)
 Metaspace       used 49605K, committed 49856K, reserved 1097728K
  class space    used 5916K, committed 6016K, reserved 1048576K
}
Event: 9.258 GC heap before
{Heap before GC invocations=24 (full 0):
 garbage-first heap   total 66560K, used 48547K [0x0000000082600000, 0x0000000100000000)
  region size 1024K, 14 young (14336K), 2 survivors (2048K)
 Metaspace       used 49653K, committed 49920K, reserved 1097728K
  class space    used 5916K, committed 6016K, reserved 1048576K
}
Event: 9.261 GC heap after
{Heap after GC invocations=25 (full 0):
 garbage-first heap   total 97280K, used 36210K [0x0000000082600000, 0x0000000100000000)
  region size 1024K, 2 young (2048K), 2 survivors (2048K)
 Metaspace       used 49653K, committed 49920K, reserved 1097728K
  class space    used 5916K, committed 6016K, reserved 1048576K
}
Event: 12.342 GC heap before
{Heap before GC invocations=26 (full 0):
 garbage-first heap   total 97280K, used 67954K [0x0000000082600000, 0x0000000100000000)
  region size 1024K, 33 young (33792K), 2 survivors (2048K)
 Metaspace       used 53142K, committed 53440K, reserved 1097728K
  class space    used 6290K, committed 6464K, reserved 1048576K
}
Event: 12.351 GC heap after
{Heap after GC invocations=27 (full 0):
 garbage-first heap   total 97280K, used 39841K [0x0000000082600000, 0x0000000100000000)
  region size 1024K, 5 young (5120K), 5 survivors (5120K)
 Metaspace       used 53142K, committed 53440K, reserved 1097728K
  class space    used 6290K, committed 6464K, reserved 1048576K
}
Event: 12.500 GC heap before
{Heap before GC invocations=27 (full 0):
 garbage-first heap   total 97280K, used 40865K [0x0000000082600000, 0x0000000100000000)
  region size 1024K, 6 young (6144K), 5 survivors (5120K)
 Metaspace       used 53187K, committed 53504K, reserved 1097728K
  class space    used 6291K, committed 6464K, reserved 1048576K
}
Event: 12.507 GC heap after
{Heap after GC invocations=28 (full 0):
 garbage-first heap   total 97280K, used 40364K [0x0000000082600000, 0x0000000100000000)
  region size 1024K, 1 young (1024K), 1 survivors (1024K)
 Metaspace       used 53187K, committed 53504K, reserved 1097728K
  class space    used 6291K, committed 6464K, reserved 1048576K
}
Event: 15.380 GC heap before
{Heap before GC invocations=28 (full 0):
 garbage-first heap   total 97280K, used 71084K [0x0000000082600000, 0x0000000100000000)
  region size 1024K, 31 young (31744K), 1 survivors (1024K)
 Metaspace       used 58400K, committed 58624K, reserved 1105920K
  class space    used 6850K, committed 6976K, reserved 1048576K
}
Event: 15.395 GC heap after
{Heap after GC invocations=29 (full 0):
 garbage-first heap   total 97280K, used 45752K [0x0000000082600000, 0x0000000100000000)
  region size 1024K, 4 young (4096K), 4 survivors (4096K)
 Metaspace       used 58400K, committed 58624K, reserved 1105920K
  class space    used 6850K, committed 6976K, reserved 1048576K
}
Event: 16.423 GC heap before
{Heap before GC invocations=29 (full 0):
 garbage-first heap   total 97280K, used 72376K [0x0000000082600000, 0x0000000100000000)
  region size 1024K, 30 young (30720K), 4 survivors (4096K)
 Metaspace       used 58808K, committed 59072K, reserved 1105920K
  class space    used 6863K, committed 6976K, reserved 1048576K
}
Event: 16.441 GC heap after
{Heap after GC invocations=30 (full 0):
 garbage-first heap   total 97280K, used 50612K [0x0000000082600000, 0x0000000100000000)
  region size 1024K, 4 young (4096K), 4 survivors (4096K)
 Metaspace       used 58808K, committed 59072K, reserved 1105920K
  class space    used 6863K, committed 6976K, reserved 1048576K
}
Event: 18.115 GC heap before
{Heap before GC invocations=30 (full 0):
 garbage-first heap   total 97280K, used 74164K [0x0000000082600000, 0x0000000100000000)
  region size 1024K, 27 young (27648K), 4 survivors (4096K)
 Metaspace       used 58999K, committed 59264K, reserved 1105920K
  class space    used 6867K, committed 6976K, reserved 1048576K
}
Event: 18.131 GC heap after
{Heap after GC invocations=31 (full 0):
 garbage-first heap   total 97280K, used 55068K [0x0000000082600000, 0x0000000100000000)
  region size 1024K, 4 young (4096K), 4 survivors (4096K)
 Metaspace       used 58999K, committed 59264K, reserved 1105920K
  class space    used 6867K, committed 6976K, reserved 1048576K
}
Event: 18.556 GC heap before
{Heap before GC invocations=32 (full 0):
 garbage-first heap   total 97280K, used 75548K [0x0000000082600000, 0x0000000100000000)
  region size 1024K, 24 young (24576K), 4 survivors (4096K)
 Metaspace       used 59001K, committed 59264K, reserved 1105920K
  class space    used 6869K, committed 6976K, reserved 1048576K
}
Event: 18.570 GC heap after
{Heap after GC invocations=33 (full 0):
 garbage-first heap   total 97280K, used 59204K [0x0000000082600000, 0x0000000100000000)
  region size 1024K, 3 young (3072K), 3 survivors (3072K)
 Metaspace       used 59001K, committed 59264K, reserved 1105920K
  class space    used 6869K, committed 6976K, reserved 1048576K
}
Event: 18.574 GC heap before
{Heap before GC invocations=33 (full 0):
 garbage-first heap   total 97280K, used 60228K [0x0000000082600000, 0x0000000100000000)
  region size 1024K, 4 young (4096K), 3 survivors (3072K)
 Metaspace       used 59001K, committed 59264K, reserved 1105920K
  class space    used 6869K, committed 6976K, reserved 1048576K
}
Event: 18.586 GC heap after
{Heap after GC invocations=34 (full 0):
 garbage-first heap   total 97280K, used 59930K [0x0000000082600000, 0x0000000100000000)
  region size 1024K, 1 young (1024K), 1 survivors (1024K)
 Metaspace       used 59001K, committed 59264K, reserved 1105920K
  class space    used 6869K, committed 6976K, reserved 1048576K
}
Event: 19.037 GC heap before
{Heap before GC invocations=34 (full 0):
 garbage-first heap   total 97280K, used 77338K [0x0000000082600000, 0x0000000100000000)
  region size 1024K, 18 young (18432K), 1 survivors (1024K)
 Metaspace       used 59092K, committed 59456K, reserved 1105920K
  class space    used 6885K, committed 7040K, reserved 1048576K
}

