# JRE version: OpenJDK Runtime Environment (17.0.6) (build 17.0.6+0-b2043.56-10027231)
# Java VM: OpenJDK 64-Bit Server VM (17.0.6+0-b2043.56-10027231, mixed mode, tiered, compressed oops, compressed class ptrs, g1 gc, windows-amd64)
GC Precious Log:
 CPUs: 4 total, 4 available
 Memory: 8035M
 Large Page Support: Disabled
 NUMA Support: Disabled
 Compressed Oops: Enabled (32-bit)
 Heap Region Size: 1M
 Heap Min Capacity: 8M
 Heap Initial Capacity: 126M
 Heap Max Capacity: 2010M
 Pre-touch: Disabled
 Parallel Workers: 4
 Concurrent Workers: 1
 Concurrent Refinement Workers: 4
 Periodic GC: Disabled
Heap:
 garbage-first heap   total 67584K, used 47453K [0x0000000082600000, 0x0000000100000000)
  region size 1024K, 24 young (24576K), 1 survivors (1024K)
 Metaspace       used 46296K, committed 46528K, reserved 1097728K
  class space    used 5575K, committed 5696K, reserved 1048576K
GC Heap History (18 events):
Event: 0.448 GC heap before
{Heap before GC invocations=0 (full 0):
 garbage-first heap   total 129024K, used 17408K [0x0000000082600000, 0x0000000100000000)
  region size 1024K, 13 young (13312K), 0 survivors (0K)
 Metaspace       used 10460K, committed 10560K, reserved 1064960K
  class space    used 902K, committed 960K, reserved 1048576K
}
Event: 0.450 GC heap after
{Heap after GC invocations=1 (full 0):
 garbage-first heap   total 129024K, used 6461K [0x0000000082600000, 0x0000000100000000)
  region size 1024K, 2 young (2048K), 2 survivors (2048K)
 Metaspace       used 10460K, committed 10560K, reserved 1064960K
  class space    used 902K, committed 960K, reserved 1048576K
}
Event: 0.759 GC heap before
{Heap before GC invocations=1 (full 0):
 garbage-first heap   total 129024K, used 23869K [0x0000000082600000, 0x0000000100000000)
  region size 1024K, 19 young (19456K), 2 survivors (2048K)
 Metaspace       used 14552K, committed 14720K, reserved 1064960K
  class space    used 1451K, committed 1536K, reserved 1048576K
}
Event: 0.763 GC heap after
{Heap after GC invocations=2 (full 0):
 garbage-first heap   total 129024K, used 7924K [0x0000000082600000, 0x0000000100000000)
  region size 1024K, 2 young (2048K), 2 survivors (2048K)
 Metaspace       used 14552K, committed 14720K, reserved 1064960K
  class space    used 1451K, committed 1536K, reserved 1048576K
}
Event: 1.238 GC heap before
{Heap before GC invocations=2 (full 0):
 garbage-first heap   total 129024K, used 33524K [0x0000000082600000, 0x0000000100000000)
  region size 1024K, 28 young (28672K), 2 survivors (2048K)
 Metaspace       used 21307K, committed 21504K, reserved 1073152K
  class space    used 2323K, committed 2432K, reserved 1048576K
}
Event: 1.243 GC heap after
{Heap after GC invocations=3 (full 0):
 garbage-first heap   total 129024K, used 10310K [0x0000000082600000, 0x0000000100000000)
  region size 1024K, 4 young (4096K), 4 survivors (4096K)
 Metaspace       used 21307K, committed 21504K, reserved 1073152K
  class space    used 2323K, committed 2432K, reserved 1048576K
}
Event: 1.586 GC heap before
{Heap before GC invocations=4 (full 0):
 garbage-first heap   total 40960K, used 31814K [0x0000000082600000, 0x0000000100000000)
  region size 1024K, 22 young (22528K), 4 survivors (4096K)
 Metaspace       used 26684K, committed 26944K, reserved 1073152K
  class space    used 2939K, committed 3072K, reserved 1048576K
}
Event: 1.594 GC heap after
{Heap after GC invocations=5 (full 0):
 garbage-first heap   total 40960K, used 16277K [0x0000000082600000, 0x0000000100000000)
  region size 1024K, 2 young (2048K), 2 survivors (2048K)
 Metaspace       used 26684K, committed 26944K, reserved 1073152K
  class space    used 2939K, committed 3072K, reserved 1048576K
}
Event: 1.605 GC heap before
{Heap before GC invocations=5 (full 0):
 garbage-first heap   total 40960K, used 17301K [0x0000000082600000, 0x0000000100000000)
  region size 1024K, 3 young (3072K), 2 survivors (2048K)
 Metaspace       used 26936K, committed 27200K, reserved 1073152K
  class space    used 2967K, committed 3072K, reserved 1048576K
}
Event: 1.608 GC heap after
{Heap after GC invocations=6 (full 0):
 garbage-first heap   total 40960K, used 16673K [0x0000000082600000, 0x0000000100000000)
  region size 1024K, 1 young (1024K), 1 survivors (1024K)
 Metaspace       used 26936K, committed 27200K, reserved 1073152K
  class space    used 2967K, committed 3072K, reserved 1048576K
}
Event: 1.908 GC heap before
{Heap before GC invocations=6 (full 0):
 garbage-first heap   total 40960K, used 29985K [0x0000000082600000, 0x0000000100000000)
  region size 1024K, 14 young (14336K), 1 survivors (1024K)
 Metaspace       used 30995K, committed 31232K, reserved 1081344K
  class space    used 3770K, committed 3904K, reserved 1048576K
}
Event: 1.912 GC heap after
{Heap after GC invocations=7 (full 0):
 garbage-first heap   total 67584K, used 17766K [0x0000000082600000, 0x0000000100000000)
  region size 1024K, 2 young (2048K), 2 survivors (2048K)
 Metaspace       used 30995K, committed 31232K, reserved 1081344K
  class space    used 3770K, committed 3904K, reserved 1048576K
}
Event: 2.376 GC heap before
{Heap before GC invocations=7 (full 0):
 garbage-first heap   total 67584K, used 46438K [0x0000000082600000, 0x0000000100000000)
  region size 1024K, 29 young (29696K), 2 survivors (2048K)
 Metaspace       used 35794K, committed 35968K, reserved 1081344K
  class space    used 4506K, committed 4608K, reserved 1048576K
}
Event: 2.385 GC heap after
{Heap after GC invocations=8 (full 0):
 garbage-first heap   total 67584K, used 24129K [0x0000000082600000, 0x0000000100000000)
  region size 1024K, 5 young (5120K), 5 survivors (5120K)
 Metaspace       used 35794K, committed 35968K, reserved 1081344K
  class space    used 4506K, committed 4608K, reserved 1048576K
}
Event: 2.754 GC heap before
{Heap before GC invocations=9 (full 0):
 garbage-first heap   total 67584K, used 48705K [0x0000000082600000, 0x0000000100000000)
  region size 1024K, 30 young (30720K), 5 survivors (5120K)
 Metaspace       used 40451K, committed 40704K, reserved 1089536K
  class space    used 4965K, committed 5056K, reserved 1048576K
}
Event: 2.765 GC heap after
{Heap after GC invocations=10 (full 0):
 garbage-first heap   total 67584K, used 25504K [0x0000000082600000, 0x0000000100000000)
  region size 1024K, 4 young (4096K), 4 survivors (4096K)
 Metaspace       used 40451K, committed 40704K, reserved 1089536K
  class space    used 4965K, committed 5056K, reserved 1048576K
}
Event: 2.786 GC heap before
{Heap before GC invocations=10 (full 0):
 garbage-first heap   total 67584K, used 26528K [0x0000000082600000, 0x0000000100000000)
  region size 1024K, 5 young (5120K), 4 survivors (4096K)
 Metaspace       used 40782K, committed 40960K, reserved 1089536K
  class space    used 4987K, committed 5056K, reserved 1048576K
}
Event: 2.791 GC heap after
{Heap after GC invocations=11 (full 0):
 garbage-first heap   total 67584K, used 25949K [0x0000000082600000, 0x0000000100000000)
  region size 1024K, 1 young (1024K), 1 survivors (1024K)
 Metaspace       used 40782K, committed 40960K, reserved 1089536K
  class space    used 4987K, committed 5056K, reserved 1048576K
}

