# JRE version: OpenJDK Runtime Environment (17.0.6) (build 17.0.6+0-b2043.56-10027231)
# Java VM: OpenJDK 64-Bit Server VM (17.0.6+0-b2043.56-10027231, mixed mode, tiered, compressed oops, compressed class ptrs, g1 gc, windows-amd64)
GC Precious Log:
 CPUs: 4 total, 4 available
 Memory: 8035M
 Large Page Support: Disabled
 NUMA Support: Disabled
 Compressed Oops: Enabled (32-bit)
 Heap Region Size: 1M
 Heap Min Capacity: 8M
 Heap Initial Capacity: 126M
 Heap Max Capacity: 2010M
 Pre-touch: Disabled
 Parallel Workers: 4
 Concurrent Workers: 1
 Concurrent Refinement Workers: 4
 Periodic GC: Disabled
Heap:
 garbage-first heap   total 88064K, used 46080K [0x0000000082600000, 0x0000000100000000)
  region size 1024K, 9 young (9216K), 4 survivors (4096K)
 Metaspace       used 54900K, committed 55168K, reserved 1097728K
  class space    used 6529K, committed 6656K, reserved 1048576K
GC Heap History (20 events):
Event: 1.204 GC heap before
{Heap before GC invocations=2 (full 0):
 garbage-first heap   total 129024K, used 33585K [0x0000000082600000, 0x0000000100000000)
  region size 1024K, 28 young (28672K), 2 survivors (2048K)
 Metaspace       used 21300K, committed 21504K, reserved 1073152K
  class space    used 2323K, committed 2432K, reserved 1048576K
}
Event: 1.209 GC heap after
{Heap after GC invocations=3 (full 0):
 garbage-first heap   total 129024K, used 10458K [0x0000000082600000, 0x0000000100000000)
  region size 1024K, 5 young (5120K), 5 survivors (5120K)
 Metaspace       used 21300K, committed 21504K, reserved 1073152K
  class space    used 2323K, committed 2432K, reserved 1048576K
}
Event: 1.609 GC heap before
{Heap before GC invocations=4 (full 0):
 garbage-first heap   total 45056K, used 36058K [0x0000000082600000, 0x0000000100000000)
  region size 1024K, 26 young (26624K), 5 survivors (5120K)
 Metaspace       used 27632K, committed 27840K, reserved 1081344K
  class space    used 3045K, committed 3136K, reserved 1048576K
}
Event: 1.617 GC heap after
{Heap after GC invocations=5 (full 0):
 garbage-first heap   total 45056K, used 16662K [0x0000000082600000, 0x0000000100000000)
  region size 1024K, 3 young (3072K), 3 survivors (3072K)
 Metaspace       used 27632K, committed 27840K, reserved 1081344K
  class space    used 3045K, committed 3136K, reserved 1048576K
}
Event: 1.632 GC heap before
{Heap before GC invocations=5 (full 0):
 garbage-first heap   total 45056K, used 17686K [0x0000000082600000, 0x0000000100000000)
  region size 1024K, 4 young (4096K), 3 survivors (3072K)
 Metaspace       used 27870K, committed 28096K, reserved 1081344K
  class space    used 3074K, committed 3200K, reserved 1048576K
}
Event: 1.635 GC heap after
{Heap after GC invocations=6 (full 0):
 garbage-first heap   total 45056K, used 16830K [0x0000000082600000, 0x0000000100000000)
  region size 1024K, 1 young (1024K), 1 survivors (1024K)
 Metaspace       used 27870K, committed 28096K, reserved 1081344K
  class space    used 3074K, committed 3200K, reserved 1048576K
}
Event: 1.952 GC heap before
{Heap before GC invocations=6 (full 0):
 garbage-first heap   total 45056K, used 34238K [0x0000000082600000, 0x0000000100000000)
  region size 1024K, 17 young (17408K), 1 survivors (1024K)
 Metaspace       used 31042K, committed 31296K, reserved 1081344K
  class space    used 3770K, committed 3904K, reserved 1048576K
}
Event: 1.956 GC heap after
{Heap after GC invocations=7 (full 0):
 garbage-first heap   total 72704K, used 21719K [0x0000000082600000, 0x0000000100000000)
  region size 1024K, 3 young (3072K), 3 survivors (3072K)
 Metaspace       used 31042K, committed 31296K, reserved 1081344K
  class space    used 3770K, committed 3904K, reserved 1048576K
}
Event: 2.342 GC heap before
{Heap before GC invocations=7 (full 0):
 garbage-first heap   total 72704K, used 42199K [0x0000000082600000, 0x0000000100000000)
  region size 1024K, 24 young (24576K), 3 survivors (3072K)
 Metaspace       used 35785K, committed 35968K, reserved 1081344K
  class space    used 4500K, committed 4608K, reserved 1048576K
}
Event: 2.350 GC heap after
{Heap after GC invocations=8 (full 0):
 garbage-first heap   total 72704K, used 24675K [0x0000000082600000, 0x0000000100000000)
  region size 1024K, 3 young (3072K), 3 survivors (3072K)
 Metaspace       used 35785K, committed 35968K, reserved 1081344K
  class space    used 4500K, committed 4608K, reserved 1048576K
}
Event: 2.734 GC heap before
{Heap before GC invocations=9 (full 0):
 garbage-first heap   total 72704K, used 51299K [0x0000000082600000, 0x0000000100000000)
  region size 1024K, 29 young (29696K), 3 survivors (3072K)
 Metaspace       used 40881K, committed 41152K, reserved 1089536K
  class space    used 5001K, committed 5120K, reserved 1048576K
}
Event: 2.743 GC heap after
{Heap after GC invocations=10 (full 0):
 garbage-first heap   total 72704K, used 26106K [0x0000000082600000, 0x0000000100000000)
  region size 1024K, 4 young (4096K), 4 survivors (4096K)
 Metaspace       used 40881K, committed 41152K, reserved 1089536K
  class space    used 5001K, committed 5120K, reserved 1048576K
}
Event: 3.295 GC heap before
{Heap before GC invocations=10 (full 0):
 garbage-first heap   total 72704K, used 52730K [0x0000000082600000, 0x0000000100000000)
  region size 1024K, 30 young (30720K), 4 survivors (4096K)
 Metaspace       used 47235K, committed 47424K, reserved 1097728K
  class space    used 5709K, committed 5824K, reserved 1048576K
}
Event: 3.303 GC heap after
{Heap after GC invocations=11 (full 0):
 garbage-first heap   total 72704K, used 29076K [0x0000000082600000, 0x0000000100000000)
  region size 1024K, 3 young (3072K), 3 survivors (3072K)
 Metaspace       used 47235K, committed 47424K, reserved 1097728K
  class space    used 5709K, committed 5824K, reserved 1048576K
}
Event: 3.601 GC heap before
{Heap before GC invocations=11 (full 0):
 garbage-first heap   total 72704K, used 55700K [0x0000000082600000, 0x0000000100000000)
  region size 1024K, 27 young (27648K), 3 survivors (3072K)
 Metaspace       used 49276K, committed 49536K, reserved 1097728K
  class space    used 5915K, committed 6016K, reserved 1048576K
}
Event: 3.611 GC heap after
{Heap after GC invocations=12 (full 0):
 garbage-first heap   total 72704K, used 36433K [0x0000000082600000, 0x0000000100000000)
  region size 1024K, 4 young (4096K), 4 survivors (4096K)
 Metaspace       used 49276K, committed 49536K, reserved 1097728K
  class space    used 5915K, committed 6016K, reserved 1048576K
}
Event: 3.743 GC heap before
{Heap before GC invocations=12 (full 0):
 garbage-first heap   total 72704K, used 54865K [0x0000000082600000, 0x0000000100000000)
  region size 1024K, 22 young (22528K), 4 survivors (4096K)
 Metaspace       used 50008K, committed 50176K, reserved 1097728K
  class space    used 6000K, committed 6080K, reserved 1048576K
}
Event: 3.749 GC heap after
{Heap after GC invocations=13 (full 0):
 garbage-first heap   total 88064K, used 36931K [0x0000000082600000, 0x0000000100000000)
  region size 1024K, 2 young (2048K), 2 survivors (2048K)
 Metaspace       used 50008K, committed 50176K, reserved 1097728K
  class space    used 6000K, committed 6080K, reserved 1048576K
}
Event: 4.950 GC heap before
{Heap before GC invocations=14 (full 0):
 garbage-first heap   total 88064K, used 65603K [0x0000000082600000, 0x0000000100000000)
  region size 1024K, 30 young (30720K), 2 survivors (2048K)
 Metaspace       used 53292K, committed 53632K, reserved 1097728K
  class space    used 6306K, committed 6464K, reserved 1048576K
}
Event: 4.964 GC heap after
{Heap after GC invocations=15 (full 0):
 garbage-first heap   total 88064K, used 41984K [0x0000000082600000, 0x0000000100000000)
  region size 1024K, 4 young (4096K), 4 survivors (4096K)
 Metaspace       used 53292K, committed 53632K, reserved 1097728K
  class space    used 6306K, committed 6464K, reserved 1048576K
}

