# JRE version: OpenJDK Runtime Environment (17.0.6) (build 17.0.6+0-b2043.56-10027231)
# Java VM: OpenJDK 64-Bit Server VM (17.0.6+0-b2043.56-10027231, mixed mode, tiered, compressed oops, compressed class ptrs, g1 gc, windows-amd64)
GC Precious Log:
 CPUs: 4 total, 4 available
 Memory: 8035M
 Large Page Support: Disabled
 NUMA Support: Disabled
 Compressed Oops: Enabled (32-bit)
 Heap Region Size: 1M
 Heap Min Capacity: 8M
 Heap Initial Capacity: 126M
 Heap Max Capacity: 2010M
 Pre-touch: Disabled
 Parallel Workers: 4
 Concurrent Workers: 1
 Concurrent Refinement Workers: 4
 Periodic GC: Disabled
Heap:
 garbage-first heap   total 101376K, used 31986K [0x0000000082600000, 0x0000000100000000)
  region size 1024K, 3 young (3072K), 3 survivors (3072K)
 Metaspace       used 49150K, committed 49408K, reserved 1097728K
  class space    used 5904K, committed 6016K, reserved 1048576K
GC Heap History (20 events):
Event: 0.883 GC heap after
{Heap after GC invocations=2 (full 0):
 garbage-first heap   total 129024K, used 7926K [0x0000000082600000, 0x0000000100000000)
  region size 1024K, 2 young (2048K), 2 survivors (2048K)
 Metaspace       used 14594K, committed 14720K, reserved 1064960K
  class space    used 1451K, committed 1536K, reserved 1048576K
}
Event: 1.413 GC heap before
{Heap before GC invocations=2 (full 0):
 garbage-first heap   total 129024K, used 33526K [0x0000000082600000, 0x0000000100000000)
  region size 1024K, 28 young (28672K), 2 survivors (2048K)
 Metaspace       used 21317K, committed 21504K, reserved 1073152K
  class space    used 2323K, committed 2432K, reserved 1048576K
}
Event: 1.417 GC heap after
{Heap after GC invocations=3 (full 0):
 garbage-first heap   total 129024K, used 10289K [0x0000000082600000, 0x0000000100000000)
  region size 1024K, 4 young (4096K), 4 survivors (4096K)
 Metaspace       used 21317K, committed 21504K, reserved 1073152K
  class space    used 2323K, committed 2432K, reserved 1048576K
}
Event: 1.795 GC heap before
{Heap before GC invocations=4 (full 0):
 garbage-first heap   total 40960K, used 31793K [0x0000000082600000, 0x0000000100000000)
  region size 1024K, 22 young (22528K), 4 survivors (4096K)
 Metaspace       used 26759K, committed 27008K, reserved 1073152K
  class space    used 2940K, committed 3072K, reserved 1048576K
}
Event: 1.803 GC heap after
{Heap after GC invocations=5 (full 0):
 garbage-first heap   total 40960K, used 16243K [0x0000000082600000, 0x0000000100000000)
  region size 1024K, 2 young (2048K), 2 survivors (2048K)
 Metaspace       used 26759K, committed 27008K, reserved 1073152K
  class space    used 2940K, committed 3072K, reserved 1048576K
}
Event: 1.816 GC heap before
{Heap before GC invocations=5 (full 0):
 garbage-first heap   total 40960K, used 16243K [0x0000000082600000, 0x0000000100000000)
  region size 1024K, 3 young (3072K), 2 survivors (2048K)
 Metaspace       used 27016K, committed 27264K, reserved 1073152K
  class space    used 2968K, committed 3072K, reserved 1048576K
}
Event: 1.819 GC heap after
{Heap after GC invocations=6 (full 0):
 garbage-first heap   total 40960K, used 16680K [0x0000000082600000, 0x0000000100000000)
  region size 1024K, 1 young (1024K), 1 survivors (1024K)
 Metaspace       used 27016K, committed 27264K, reserved 1073152K
  class space    used 2968K, committed 3072K, reserved 1048576K
}
Event: 2.100 GC heap before
{Heap before GC invocations=6 (full 0):
 garbage-first heap   total 40960K, used 29992K [0x0000000082600000, 0x0000000100000000)
  region size 1024K, 14 young (14336K), 1 survivors (1024K)
 Metaspace       used 31071K, committed 31296K, reserved 1081344K
  class space    used 3771K, committed 3904K, reserved 1048576K
}
Event: 2.103 GC heap after
{Heap after GC invocations=7 (full 0):
 garbage-first heap   total 40960K, used 17712K [0x0000000082600000, 0x0000000100000000)
  region size 1024K, 2 young (2048K), 2 survivors (2048K)
 Metaspace       used 31071K, committed 31296K, reserved 1081344K
  class space    used 3771K, committed 3904K, reserved 1048576K
}
Event: 2.306 GC heap before
{Heap before GC invocations=7 (full 0):
 garbage-first heap   total 40960K, used 33072K [0x0000000082600000, 0x0000000100000000)
  region size 1024K, 15 young (15360K), 2 survivors (2048K)
 Metaspace       used 32261K, committed 32512K, reserved 1081344K
  class space    used 4052K, committed 4160K, reserved 1048576K
}
Event: 2.313 GC heap after
{Heap after GC invocations=8 (full 0):
 garbage-first heap   total 63488K, used 23056K [0x0000000082600000, 0x0000000100000000)
  region size 1024K, 2 young (2048K), 2 survivors (2048K)
 Metaspace       used 32261K, committed 32512K, reserved 1081344K
  class space    used 4052K, committed 4160K, reserved 1048576K
}
Event: 2.572 GC heap before
{Heap before GC invocations=8 (full 0):
 garbage-first heap   total 63488K, used 36368K [0x0000000082600000, 0x0000000100000000)
  region size 1024K, 16 young (16384K), 2 survivors (2048K)
 Metaspace       used 35935K, committed 36096K, reserved 1081344K
  class space    used 4516K, committed 4608K, reserved 1048576K
}
Event: 2.577 GC heap after
{Heap after GC invocations=9 (full 0):
 garbage-first heap   total 63488K, used 24654K [0x0000000082600000, 0x0000000100000000)
  region size 1024K, 2 young (2048K), 2 survivors (2048K)
 Metaspace       used 35935K, committed 36096K, reserved 1081344K
  class space    used 4516K, committed 4608K, reserved 1048576K
}
Event: 2.879 GC heap before
{Heap before GC invocations=10 (full 0):
 garbage-first heap   total 63488K, used 45134K [0x0000000082600000, 0x0000000100000000)
  region size 1024K, 23 young (23552K), 2 survivors (2048K)
 Metaspace       used 39758K, committed 40000K, reserved 1089536K
  class space    used 4922K, committed 4992K, reserved 1048576K
}
Event: 2.885 GC heap after
{Heap after GC invocations=11 (full 0):
 garbage-first heap   total 63488K, used 25202K [0x0000000082600000, 0x0000000100000000)
  region size 1024K, 3 young (3072K), 3 survivors (3072K)
 Metaspace       used 39758K, committed 40000K, reserved 1089536K
  class space    used 4922K, committed 4992K, reserved 1048576K
}
Event: 2.900 GC heap before
{Heap before GC invocations=11 (full 0):
 garbage-first heap   total 63488K, used 26226K [0x0000000082600000, 0x0000000100000000)
  region size 1024K, 4 young (4096K), 3 survivors (3072K)
 Metaspace       used 40021K, committed 40320K, reserved 1089536K
  class space    used 4936K, committed 5056K, reserved 1048576K
}
Event: 2.905 GC heap after
{Heap after GC invocations=12 (full 0):
 garbage-first heap   total 63488K, used 25523K [0x0000000082600000, 0x0000000100000000)
  region size 1024K, 1 young (1024K), 1 survivors (1024K)
 Metaspace       used 40021K, committed 40320K, reserved 1089536K
  class space    used 4936K, committed 5056K, reserved 1048576K
}
Event: 3.237 GC heap before
{Heap before GC invocations=12 (full 0):
 garbage-first heap   total 63488K, used 44979K [0x0000000082600000, 0x0000000100000000)
  region size 1024K, 21 young (21504K), 1 survivors (1024K)
 Metaspace       used 44985K, committed 45184K, reserved 1089536K
  class space    used 5439K, committed 5504K, reserved 1048576K
}
Event: 3.241 GC heap after
{Heap after GC invocations=13 (full 0):
 garbage-first heap   total 63488K, used 26944K [0x0000000082600000, 0x0000000100000000)
  region size 1024K, 2 young (2048K), 2 survivors (2048K)
 Metaspace       used 44985K, committed 45184K, reserved 1089536K
  class space    used 5439K, committed 5504K, reserved 1048576K
}
Event: 3.681 GC heap before
{Heap before GC invocations=13 (full 0):
 garbage-first heap   total 63488K, used 49472K [0x0000000082600000, 0x0000000100000000)
  region size 1024K, 22 young (22528K), 2 survivors (2048K)
 Metaspace       used 49150K, committed 49408K, reserved 1097728K
  class space    used 5904K, committed 6016K, reserved 1048576K
}

