# JRE version: OpenJDK Runtime Environment (17.0.6) (build 17.0.6+0-b2043.56-10027231)
# Java VM: OpenJDK 64-Bit Server VM (17.0.6+0-b2043.56-10027231, mixed mode, tiered, compressed oops, compressed class ptrs, g1 gc, windows-amd64)
GC Precious Log:
 CPUs: 4 total, 4 available
 Memory: 8035M
 Large Page Support: Disabled
 NUMA Support: Disabled
 Compressed Oops: Enabled (32-bit)
 Heap Region Size: 1M
 Heap Min Capacity: 8M
 Heap Initial Capacity: 126M
 Heap Max Capacity: 2G
 Pre-touch: Disabled
 Parallel Workers: 4
 Concurrent Workers: 1
 Concurrent Refinement Workers: 4
 Periodic GC: Disabled
Heap:
 garbage-first heap   total 457728K, used 223232K [0x0000000080000000, 0x0000000100000000)
  region size 1024K, 15 young (15360K), 15 survivors (15360K)
 Metaspace       used 130509K, committed 131584K, reserved 1163264K
  class space    used 17677K, committed 18176K, reserved 1048576K
GC Heap History (20 events):
Event: 102.526 GC heap after
{Heap after GC invocations=58 (full 0):
 garbage-first heap   total 450560K, used 290256K [0x0000000080000000, 0x0000000100000000)
  region size 1024K, 12 young (12288K), 12 survivors (12288K)
 Metaspace       used 119073K, committed 119872K, reserved 1155072K
  class space    used 16152K, committed 16576K, reserved 1048576K
}
Event: 1079.991 GC heap before
{Heap before GC invocations=58 (full 0):
 garbage-first heap   total 450560K, used 390607K [0x0000000080000000, 0x0000000100000000)
  region size 1024K, 89 young (91136K), 12 survivors (12288K)
 Metaspace       used 119531K, committed 120448K, reserved 1155072K
  class space    used 16179K, committed 16640K, reserved 1048576K
}
Event: 1080.002 GC heap after
{Heap after GC invocations=59 (full 0):
 garbage-first heap   total 450560K, used 291507K [0x0000000080000000, 0x0000000100000000)
  region size 1024K, 2 young (2048K), 2 survivors (2048K)
 Metaspace       used 119531K, committed 120448K, reserved 1155072K
  class space    used 16179K, committed 16640K, reserved 1048576K
}
Event: 1163.598 GC heap before
{Heap before GC invocations=59 (full 0):
 garbage-first heap   total 450560K, used 373427K [0x0000000080000000, 0x0000000100000000)
  region size 1024K, 83 young (84992K), 2 survivors (2048K)
 Metaspace       used 120000K, committed 120896K, reserved 1155072K
  class space    used 16214K, committed 16640K, reserved 1048576K
}
Event: 1163.608 GC heap after
{Heap after GC invocations=60 (full 0):
 garbage-first heap   total 450560K, used 299375K [0x0000000080000000, 0x0000000100000000)
  region size 1024K, 10 young (10240K), 10 survivors (10240K)
 Metaspace       used 120000K, committed 120896K, reserved 1155072K
  class space    used 16214K, committed 16640K, reserved 1048576K
}
Event: 1167.463 GC heap before
{Heap before GC invocations=60 (full 0):
 garbage-first heap   total 450560K, used 376175K [0x0000000080000000, 0x0000000100000000)
  region size 1024K, 86 young (88064K), 10 survivors (10240K)
 Metaspace       used 124911K, committed 125952K, reserved 1163264K
  class space    used 16881K, committed 17408K, reserved 1048576K
}
Event: 1167.479 GC heap after
{Heap after GC invocations=61 (full 0):
 garbage-first heap   total 450560K, used 308338K [0x0000000080000000, 0x0000000100000000)
  region size 1024K, 9 young (9216K), 9 survivors (9216K)
 Metaspace       used 124911K, committed 125952K, reserved 1163264K
  class space    used 16881K, committed 17408K, reserved 1048576K
}
Event: 1168.512 GC heap before
{Heap before GC invocations=61 (full 0):
 garbage-first heap   total 450560K, used 385138K [0x0000000080000000, 0x0000000100000000)
  region size 1024K, 66 young (67584K), 9 survivors (9216K)
 Metaspace       used 130501K, committed 131584K, reserved 1163264K
  class space    used 17677K, committed 18176K, reserved 1048576K
}
Event: 1168.520 GC heap after
{Heap after GC invocations=62 (full 0):
 garbage-first heap   total 450560K, used 316416K [0x0000000080000000, 0x0000000100000000)
  region size 1024K, 2 young (2048K), 2 survivors (2048K)
 Metaspace       used 130501K, committed 131584K, reserved 1163264K
  class space    used 17677K, committed 18176K, reserved 1048576K
}
Event: 1168.554 GC heap before
{Heap before GC invocations=62 (full 0):
 garbage-first heap   total 450560K, used 331776K [0x0000000080000000, 0x0000000100000000)
  region size 1024K, 6 young (6144K), 2 survivors (2048K)
 Metaspace       used 130508K, committed 131584K, reserved 1163264K
  class space    used 17677K, committed 18176K, reserved 1048576K
}
Event: 1168.558 GC heap after
{Heap after GC invocations=63 (full 0):
 garbage-first heap   total 450560K, used 331665K [0x0000000080000000, 0x0000000100000000)
  region size 1024K, 4 young (4096K), 4 survivors (4096K)
 Metaspace       used 130508K, committed 131584K, reserved 1163264K
  class space    used 17677K, committed 18176K, reserved 1048576K
}
Event: 1168.559 GC heap before
{Heap before GC invocations=63 (full 0):
 garbage-first heap   total 450560K, used 334737K [0x0000000080000000, 0x0000000100000000)
  region size 1024K, 5 young (5120K), 4 survivors (4096K)
 Metaspace       used 130509K, committed 131584K, reserved 1163264K
  class space    used 17677K, committed 18176K, reserved 1048576K
}
Event: 1168.562 GC heap after
{Heap after GC invocations=64 (full 0):
 garbage-first heap   total 450560K, used 334815K [0x0000000080000000, 0x0000000100000000)
  region size 1024K, 4 young (4096K), 4 survivors (4096K)
 Metaspace       used 130509K, committed 131584K, reserved 1163264K
  class space    used 17677K, committed 18176K, reserved 1048576K
}
Event: 1168.936 GC heap before
{Heap before GC invocations=65 (full 0):
 garbage-first heap   total 457728K, used 298975K [0x0000000080000000, 0x0000000100000000)
  region size 1024K, 56 young (57344K), 4 survivors (4096K)
 Metaspace       used 130509K, committed 131584K, reserved 1163264K
  class space    used 17677K, committed 18176K, reserved 1048576K
}
Event: 1168.987 GC heap after
{Heap after GC invocations=66 (full 0):
 garbage-first heap   total 457728K, used 244287K [0x0000000080000000, 0x0000000100000000)
  region size 1024K, 7 young (7168K), 7 survivors (7168K)
 Metaspace       used 130509K, committed 131584K, reserved 1163264K
  class space    used 17677K, committed 18176K, reserved 1048576K
}
Event: 1169.035 GC heap before
{Heap before GC invocations=66 (full 0):
 garbage-first heap   total 457728K, used 258623K [0x0000000080000000, 0x0000000100000000)
  region size 1024K, 22 young (22528K), 7 survivors (7168K)
 Metaspace       used 130509K, committed 131584K, reserved 1163264K
  class space    used 17677K, committed 18176K, reserved 1048576K
}
Event: 1169.063 GC heap after
{Heap after GC invocations=67 (full 0):
 garbage-first heap   total 457728K, used 207360K [0x0000000080000000, 0x0000000100000000)
  region size 1024K, 3 young (3072K), 3 survivors (3072K)
 Metaspace       used 130509K, committed 131584K, reserved 1163264K
  class space    used 17677K, committed 18176K, reserved 1048576K
}
Event: 1169.122 GC heap before
{Heap before GC invocations=67 (full 0):
 garbage-first heap   total 457728K, used 226816K [0x0000000080000000, 0x0000000100000000)
  region size 1024K, 22 young (22528K), 3 survivors (3072K)
 Metaspace       used 130509K, committed 131584K, reserved 1163264K
  class space    used 17677K, committed 18176K, reserved 1048576K
}
Event: 1169.144 GC heap after
{Heap after GC invocations=68 (full 0):
 garbage-first heap   total 457728K, used 207360K [0x0000000080000000, 0x0000000100000000)
  region size 1024K, 3 young (3072K), 3 survivors (3072K)
 Metaspace       used 130509K, committed 131584K, reserved 1163264K
  class space    used 17677K, committed 18176K, reserved 1048576K
}
Event: 1169.218 GC heap before
{Heap before GC invocations=68 (full 0):
 garbage-first heap   total 457728K, used 233984K [0x0000000080000000, 0x0000000100000000)
  region size 1024K, 31 young (31744K), 3 survivors (3072K)
 Metaspace       used 130509K, committed 131584K, reserved 1163264K
  class space    used 17677K, committed 18176K, reserved 1048576K
}

