# JRE version: OpenJDK Runtime Environment (17.0.6) (build 17.0.6+0-b2043.56-10027231)
# Java VM: OpenJDK 64-Bit Server VM (17.0.6+0-b2043.56-10027231, mixed mode, tiered, compressed oops, compressed class ptrs, g1 gc, windows-amd64)
GC Precious Log:
 CPUs: 4 total, 4 available
 Memory: 8035M
 Large Page Support: Disabled
 NUMA Support: Disabled
 Compressed Oops: Enabled (32-bit)
 Heap Region Size: 1M
 Heap Min Capacity: 8M
 Heap Initial Capacity: 126M
 Heap Max Capacity: 2G
 Pre-touch: Disabled
 Parallel Workers: 4
 Concurrent Workers: 1
 Concurrent Refinement Workers: 4
 Periodic GC: Disabled
Heap:
 garbage-first heap   total 471040K, used 236032K [0x0000000080000000, 0x0000000100000000)
  region size 1024K, 14 young (14336K), 14 survivors (14336K)
 Metaspace       used 133213K, committed 134016K, reserved 1171456K
  class space    used 18188K, committed 18560K, reserved 1048576K
GC Heap History (20 events):
Event: 19.777 GC heap after
{Heap after GC invocations=39 (full 0):
 garbage-first heap   total 152576K, used 86927K [0x0000000080000000, 0x0000000100000000)
  region size 1024K, 1 young (1024K), 1 survivors (1024K)
 Metaspace       used 94309K, committed 94976K, reserved 1138688K
  class space    used 12819K, committed 13120K, reserved 1048576K
}
Event: 20.398 GC heap before
{Heap before GC invocations=39 (full 0):
 garbage-first heap   total 152576K, used 122767K [0x0000000080000000, 0x0000000100000000)
  region size 1024K, 37 young (37888K), 1 survivors (1024K)
 Metaspace       used 96091K, committed 96704K, reserved 1138688K
  class space    used 13139K, committed 13440K, reserved 1048576K
}
Event: 20.404 GC heap after
{Heap after GC invocations=40 (full 0):
 garbage-first heap   total 152576K, used 92005K [0x0000000080000000, 0x0000000100000000)
  region size 1024K, 5 young (5120K), 5 survivors (5120K)
 Metaspace       used 96091K, committed 96704K, reserved 1138688K
  class space    used 13139K, committed 13440K, reserved 1048576K
}
Event: 20.879 GC heap before
{Heap before GC invocations=41 (full 0):
 garbage-first heap   total 165888K, used 122725K [0x0000000080000000, 0x0000000100000000)
  region size 1024K, 36 young (36864K), 5 survivors (5120K)
 Metaspace       used 96355K, committed 97024K, reserved 1138688K
  class space    used 13143K, committed 13440K, reserved 1048576K
}
Event: 20.889 GC heap after
{Heap after GC invocations=42 (full 0):
 garbage-first heap   total 165888K, used 94976K [0x0000000080000000, 0x0000000100000000)
  region size 1024K, 4 young (4096K), 4 survivors (4096K)
 Metaspace       used 96355K, committed 97024K, reserved 1138688K
  class space    used 13143K, committed 13440K, reserved 1048576K
}
Event: 20.922 GC heap before
{Heap before GC invocations=42 (full 0):
 garbage-first heap   total 165888K, used 98048K [0x0000000080000000, 0x0000000100000000)
  region size 1024K, 8 young (8192K), 4 survivors (4096K)
 Metaspace       used 96356K, committed 97024K, reserved 1138688K
  class space    used 13144K, committed 13440K, reserved 1048576K
}
Event: 20.929 GC heap after
{Heap after GC invocations=43 (full 0):
 garbage-first heap   total 434176K, used 94602K [0x0000000080000000, 0x0000000100000000)
  region size 1024K, 1 young (1024K), 1 survivors (1024K)
 Metaspace       used 96356K, committed 97024K, reserved 1138688K
  class space    used 13144K, committed 13440K, reserved 1048576K
}
Event: 51.757 GC heap before
{Heap before GC invocations=43 (full 0):
 garbage-first heap   total 434176K, used 315786K [0x0000000080000000, 0x0000000100000000)
  region size 1024K, 219 young (224256K), 1 survivors (1024K)
 Metaspace       used 102630K, committed 103360K, reserved 1138688K
  class space    used 13973K, committed 14336K, reserved 1048576K
}
Event: 51.774 GC heap after
{Heap after GC invocations=44 (full 0):
 garbage-first heap   total 434176K, used 109426K [0x0000000080000000, 0x0000000100000000)
  region size 1024K, 16 young (16384K), 16 survivors (16384K)
 Metaspace       used 102630K, committed 103360K, reserved 1138688K
  class space    used 13973K, committed 14336K, reserved 1048576K
}
Event: 55.038 GC heap before
{Heap before GC invocations=45 (full 0):
 garbage-first heap   total 416768K, used 328562K [0x0000000080000000, 0x0000000100000000)
  region size 1024K, 224 young (229376K), 16 survivors (16384K)
 Metaspace       used 121938K, committed 122752K, reserved 1163264K
  class space    used 16344K, committed 16768K, reserved 1048576K
}
Event: 55.067 GC heap after
{Heap after GC invocations=46 (full 0):
 garbage-first heap   total 416768K, used 130655K [0x0000000080000000, 0x0000000100000000)
  region size 1024K, 18 young (18432K), 18 survivors (18432K)
 Metaspace       used 121938K, committed 122752K, reserved 1163264K
  class space    used 16344K, committed 16768K, reserved 1048576K
}
Event: 55.081 GC heap before
{Heap before GC invocations=46 (full 0):
 garbage-first heap   total 416768K, used 132703K [0x0000000080000000, 0x0000000100000000)
  region size 1024K, 20 young (20480K), 18 survivors (18432K)
 Metaspace       used 122162K, committed 123008K, reserved 1163264K
  class space    used 16358K, committed 16768K, reserved 1048576K
}
Event: 55.096 GC heap after
{Heap after GC invocations=47 (full 0):
 garbage-first heap   total 416768K, used 128512K [0x0000000080000000, 0x0000000100000000)
  region size 1024K, 2 young (2048K), 2 survivors (2048K)
 Metaspace       used 122162K, committed 123008K, reserved 1163264K
  class space    used 16358K, committed 16768K, reserved 1048576K
}
Event: 55.796 GC heap before
{Heap before GC invocations=47 (full 0):
 garbage-first heap   total 416768K, used 184832K [0x0000000080000000, 0x0000000100000000)
  region size 1024K, 58 young (59392K), 2 survivors (2048K)
 Metaspace       used 128214K, committed 129024K, reserved 1163264K
  class space    used 17407K, committed 17792K, reserved 1048576K
}
Event: 55.805 GC heap after
{Heap after GC invocations=48 (full 0):
 garbage-first heap   total 416768K, used 131992K [0x0000000080000000, 0x0000000100000000)
  region size 1024K, 6 young (6144K), 6 survivors (6144K)
 Metaspace       used 128214K, committed 129024K, reserved 1163264K
  class space    used 17407K, committed 17792K, reserved 1048576K
}
Event: 57.458 GC heap before
{Heap before GC invocations=49 (full 0):
 garbage-first heap   total 416768K, used 384920K [0x0000000080000000, 0x0000000100000000)
  region size 1024K, 190 young (194560K), 6 survivors (6144K)
 Metaspace       used 133210K, committed 134016K, reserved 1171456K
  class space    used 18188K, committed 18560K, reserved 1048576K
}
Event: 57.560 GC heap after
{Heap after GC invocations=50 (full 0):
 garbage-first heap   total 453632K, used 221375K [0x0000000080000000, 0x0000000100000000)
  region size 1024K, 25 young (25600K), 25 survivors (25600K)
 Metaspace       used 133210K, committed 134016K, reserved 1171456K
  class space    used 18188K, committed 18560K, reserved 1048576K
}
Event: 57.599 GC heap before
{Heap before GC invocations=50 (full 0):
 garbage-first heap   total 453632K, used 222399K [0x0000000080000000, 0x0000000100000000)
  region size 1024K, 26 young (26624K), 25 survivors (25600K)
 Metaspace       used 133210K, committed 134016K, reserved 1171456K
  class space    used 18188K, committed 18560K, reserved 1048576K
}
Event: 57.641 GC heap after
{Heap after GC invocations=51 (full 0):
 garbage-first heap   total 453632K, used 223232K [0x0000000080000000, 0x0000000100000000)
  region size 1024K, 2 young (2048K), 2 survivors (2048K)
 Metaspace       used 133210K, committed 134016K, reserved 1171456K
  class space    used 18188K, committed 18560K, reserved 1048576K
}
Event: 57.734 GC heap before
{Heap before GC invocations=51 (full 0):
 garbage-first heap   total 453632K, used 248832K [0x0000000080000000, 0x0000000100000000)
  region size 1024K, 28 young (28672K), 2 survivors (2048K)
 Metaspace       used 133213K, committed 134016K, reserved 1171456K
  class space    used 18188K, committed 18560K, reserved 1048576K
}

