# JRE version: OpenJDK Runtime Environment (17.0.6) (build 17.0.6+0-b2043.56-10027231)
# Java VM: OpenJDK 64-Bit Server VM (17.0.6+0-b2043.56-10027231, mixed mode, tiered, compressed oops, compressed class ptrs, g1 gc, windows-amd64)
GC Precious Log:
 CPUs: 4 total, 4 available
 Memory: 8035M
 Large Page Support: Disabled
 NUMA Support: Disabled
 Compressed Oops: Enabled (32-bit)
 Heap Region Size: 1M
 Heap Min Capacity: 8M
 Heap Initial Capacity: 126M
 Heap Max Capacity: 2010M
 Pre-touch: Disabled
 Parallel Workers: 4
 Concurrent Workers: 1
 Concurrent Refinement Workers: 4
 Periodic GC: Disabled
Heap:
 garbage-first heap   total 100352K, used 44864K [0x0000000082600000, 0x0000000100000000)
  region size 1024K, 3 young (3072K), 3 survivors (3072K)
 Metaspace       used 58063K, committed 58368K, reserved 1105920K
  class space    used 6844K, committed 6976K, reserved 1048576K
GC Heap History (20 events):
Event: 1.876 GC heap after
{Heap after GC invocations=6 (full 0):
 garbage-first heap   total 45056K, used 16836K [0x0000000082600000, 0x0000000100000000)
  region size 1024K, 1 young (1024K), 1 survivors (1024K)
 Metaspace       used 27944K, committed 28224K, reserved 1081344K
  class space    used 3071K, committed 3200K, reserved 1048576K
}
Event: 2.351 GC heap before
{Heap before GC invocations=6 (full 0):
 garbage-first heap   total 45056K, used 34244K [0x0000000082600000, 0x0000000100000000)
  region size 1024K, 17 young (17408K), 1 survivors (1024K)
 Metaspace       used 31154K, committed 31424K, reserved 1081344K
  class space    used 3771K, committed 3904K, reserved 1048576K
}
Event: 2.358 GC heap after
{Heap after GC invocations=7 (full 0):
 garbage-first heap   total 64512K, used 21720K [0x0000000082600000, 0x0000000100000000)
  region size 1024K, 3 young (3072K), 3 survivors (3072K)
 Metaspace       used 31154K, committed 31424K, reserved 1081344K
  class space    used 3771K, committed 3904K, reserved 1048576K
}
Event: 2.870 GC heap before
{Heap before GC invocations=7 (full 0):
 garbage-first heap   total 64512K, used 41176K [0x0000000082600000, 0x0000000100000000)
  region size 1024K, 24 young (24576K), 3 survivors (3072K)
 Metaspace       used 35861K, committed 36096K, reserved 1081344K
  class space    used 4501K, committed 4608K, reserved 1048576K
}
Event: 2.878 GC heap after
{Heap after GC invocations=8 (full 0):
 garbage-first heap   total 64512K, used 24686K [0x0000000082600000, 0x0000000100000000)
  region size 1024K, 3 young (3072K), 3 survivors (3072K)
 Metaspace       used 35861K, committed 36096K, reserved 1081344K
  class space    used 4501K, committed 4608K, reserved 1048576K
}
Event: 3.200 GC heap before
{Heap before GC invocations=9 (full 0):
 garbage-first heap   total 64512K, used 45166K [0x0000000082600000, 0x0000000100000000)
  region size 1024K, 24 young (24576K), 3 survivors (3072K)
 Metaspace       used 39655K, committed 39872K, reserved 1089536K
  class space    used 4912K, committed 4992K, reserved 1048576K
}
Event: 3.209 GC heap after
{Heap after GC invocations=10 (full 0):
 garbage-first heap   total 64512K, used 25804K [0x0000000082600000, 0x0000000100000000)
  region size 1024K, 3 young (3072K), 3 survivors (3072K)
 Metaspace       used 39655K, committed 39872K, reserved 1089536K
  class space    used 4912K, committed 4992K, reserved 1048576K
}
Event: 3.588 GC heap before
{Heap before GC invocations=10 (full 0):
 garbage-first heap   total 64512K, used 47308K [0x0000000082600000, 0x0000000100000000)
  region size 1024K, 24 young (24576K), 3 survivors (3072K)
 Metaspace       used 44802K, committed 45056K, reserved 1089536K
  class space    used 5408K, committed 5504K, reserved 1048576K
}
Event: 3.594 GC heap after
{Heap after GC invocations=11 (full 0):
 garbage-first heap   total 64512K, used 27648K [0x0000000082600000, 0x0000000100000000)
  region size 1024K, 2 young (2048K), 2 survivors (2048K)
 Metaspace       used 44802K, committed 45056K, reserved 1089536K
  class space    used 5408K, committed 5504K, reserved 1048576K
}
Event: 4.188 GC heap before
{Heap before GC invocations=11 (full 0):
 garbage-first heap   total 64512K, used 51200K [0x0000000082600000, 0x0000000100000000)
  region size 1024K, 23 young (23552K), 2 survivors (2048K)
 Metaspace       used 49236K, committed 49536K, reserved 1097728K
  class space    used 5904K, committed 6016K, reserved 1048576K
}
Event: 4.196 GC heap after
{Heap after GC invocations=12 (full 0):
 garbage-first heap   total 64512K, used 32741K [0x0000000082600000, 0x0000000100000000)
  region size 1024K, 3 young (3072K), 3 survivors (3072K)
 Metaspace       used 49236K, committed 49536K, reserved 1097728K
  class space    used 5904K, committed 6016K, reserved 1048576K
}
Event: 4.247 GC heap before
{Heap before GC invocations=12 (full 0):
 garbage-first heap   total 64512K, used 35813K [0x0000000082600000, 0x0000000100000000)
  region size 1024K, 7 young (7168K), 3 survivors (3072K)
 Metaspace       used 49377K, committed 49664K, reserved 1097728K
  class space    used 5915K, committed 6016K, reserved 1048576K
}
Event: 4.253 GC heap after
{Heap after GC invocations=13 (full 0):
 garbage-first heap   total 77824K, used 33996K [0x0000000082600000, 0x0000000100000000)
  region size 1024K, 2 young (2048K), 2 survivors (2048K)
 Metaspace       used 49377K, committed 49664K, reserved 1097728K
  class space    used 5915K, committed 6016K, reserved 1048576K
}
Event: 4.348 GC heap before
{Heap before GC invocations=13 (full 0):
 garbage-first heap   total 77824K, used 55500K [0x0000000082600000, 0x0000000100000000)
  region size 1024K, 23 young (23552K), 2 survivors (2048K)
 Metaspace       used 49502K, committed 49728K, reserved 1097728K
  class space    used 5915K, committed 6016K, reserved 1048576K
}
Event: 4.352 GC heap after
{Heap after GC invocations=14 (full 0):
 garbage-first heap   total 77824K, used 35745K [0x0000000082600000, 0x0000000100000000)
  region size 1024K, 3 young (3072K), 3 survivors (3072K)
 Metaspace       used 49502K, committed 49728K, reserved 1097728K
  class space    used 5915K, committed 6016K, reserved 1048576K
}
Event: 4.679 GC heap before
{Heap before GC invocations=14 (full 0):
 garbage-first heap   total 77824K, used 57249K [0x0000000082600000, 0x0000000100000000)
  region size 1024K, 24 young (24576K), 3 survivors (3072K)
 Metaspace       used 51911K, committed 52224K, reserved 1097728K
  class space    used 6194K, committed 6336K, reserved 1048576K
}
Event: 4.687 GC heap after
{Heap after GC invocations=15 (full 0):
 garbage-first heap   total 77824K, used 37142K [0x0000000082600000, 0x0000000100000000)
  region size 1024K, 3 young (3072K), 3 survivors (3072K)
 Metaspace       used 51911K, committed 52224K, reserved 1097728K
  class space    used 6194K, committed 6336K, reserved 1048576K
}
Event: 5.202 GC heap before
{Heap before GC invocations=15 (full 0):
 garbage-first heap   total 77824K, used 58646K [0x0000000082600000, 0x0000000100000000)
  region size 1024K, 24 young (24576K), 3 survivors (3072K)
 Metaspace       used 55901K, committed 56192K, reserved 1105920K
  class space    used 6634K, committed 6784K, reserved 1048576K
}
Event: 5.212 GC heap after
{Heap after GC invocations=16 (full 0):
 garbage-first heap   total 77824K, used 40960K [0x0000000082600000, 0x0000000100000000)
  region size 1024K, 3 young (3072K), 3 survivors (3072K)
 Metaspace       used 55901K, committed 56192K, reserved 1105920K
  class space    used 6634K, committed 6784K, reserved 1048576K
}
Event: 5.835 GC heap before
{Heap before GC invocations=16 (full 0):
 garbage-first heap   total 77824K, used 59392K [0x0000000082600000, 0x0000000100000000)
  region size 1024K, 21 young (21504K), 3 survivors (3072K)
 Metaspace       used 58063K, committed 58368K, reserved 1105920K
  class space    used 6844K, committed 6976K, reserved 1048576K
}

