# JRE version: OpenJDK Runtime Environment (17.0.6) (build 17.0.6+0-b2043.56-10027231)
# Java VM: OpenJDK 64-Bit Server VM (17.0.6+0-b2043.56-10027231, mixed mode, tiered, compressed oops, compressed class ptrs, g1 gc, windows-amd64)
GC Precious Log:
 CPUs: 4 total, 4 available
 Memory: 8035M
 Large Page Support: Disabled
 NUMA Support: Disabled
 Compressed Oops: Enabled (32-bit)
 Heap Region Size: 1M
 Heap Min Capacity: 8M
 Heap Initial Capacity: 126M
 Heap Max Capacity: 2G
 Pre-touch: Disabled
 Parallel Workers: 4
 Concurrent Workers: 1
 Concurrent Refinement Workers: 4
 Periodic GC: Disabled
Heap:
 garbage-first heap   total 490496K, used 287331K [0x0000000080000000, 0x0000000100000000)
  region size 1024K, 1 young (1024K), 1 survivors (1024K)
 Metaspace       used 123143K, committed 123968K, reserved 1163264K
  class space    used 16756K, committed 17152K, reserved 1048576K
GC Heap History (20 events):
Event: 30.261 GC heap after
{Heap after GC invocations=53 (full 0):
 garbage-first heap   total 481280K, used 251162K [0x0000000080000000, 0x0000000100000000)
  region size 1024K, 3 young (3072K), 3 survivors (3072K)
 Metaspace       used 117629K, committed 118464K, reserved 1155072K
  class space    used 16211K, committed 16640K, reserved 1048576K
}
Event: 31.671 GC heap before
{Heap before GC invocations=53 (full 0):
 garbage-first heap   total 481280K, used 394522K [0x0000000080000000, 0x0000000100000000)
  region size 1024K, 124 young (126976K), 3 survivors (3072K)
 Metaspace       used 122226K, committed 123072K, reserved 1163264K
  class space    used 16703K, committed 17152K, reserved 1048576K
}
Event: 31.684 GC heap after
{Heap after GC invocations=54 (full 0):
 garbage-first heap   total 481280K, used 265796K [0x0000000080000000, 0x0000000100000000)
  region size 1024K, 10 young (10240K), 10 survivors (10240K)
 Metaspace       used 122226K, committed 123072K, reserved 1163264K
  class space    used 16703K, committed 17152K, reserved 1048576K
}
Event: 32.431 GC heap before
{Heap before GC invocations=54 (full 0):
 garbage-first heap   total 481280K, used 383556K [0x0000000080000000, 0x0000000100000000)
  region size 1024K, 126 young (129024K), 10 survivors (10240K)
 Metaspace       used 123034K, committed 123840K, reserved 1163264K
  class space    used 16754K, committed 17152K, reserved 1048576K
}
Event: 32.443 GC heap after
{Heap after GC invocations=55 (full 0):
 garbage-first heap   total 481280K, used 271128K [0x0000000080000000, 0x0000000100000000)
  region size 1024K, 13 young (13312K), 13 survivors (13312K)
 Metaspace       used 123034K, committed 123840K, reserved 1163264K
  class space    used 16754K, committed 17152K, reserved 1048576K
}
Event: 32.647 GC heap before
{Heap before GC invocations=55 (full 0):
 garbage-first heap   total 481280K, used 297752K [0x0000000080000000, 0x0000000100000000)
  region size 1024K, 41 young (41984K), 13 survivors (13312K)
 Metaspace       used 123085K, committed 123968K, reserved 1163264K
  class space    used 16756K, committed 17152K, reserved 1048576K
}
Event: 32.658 GC heap after
{Heap after GC invocations=56 (full 0):
 garbage-first heap   total 481280K, used 267925K [0x0000000080000000, 0x0000000100000000)
  region size 1024K, 4 young (4096K), 4 survivors (4096K)
 Metaspace       used 123085K, committed 123968K, reserved 1163264K
  class space    used 16756K, committed 17152K, reserved 1048576K
}
Event: 33.390 GC heap before
{Heap before GC invocations=57 (full 0):
 garbage-first heap   total 481280K, used 366229K [0x0000000080000000, 0x0000000100000000)
  region size 1024K, 130 young (133120K), 4 survivors (4096K)
 Metaspace       used 123109K, committed 123968K, reserved 1163264K
  class space    used 16757K, committed 17152K, reserved 1048576K
}
Event: 33.455 GC heap after
{Heap after GC invocations=58 (full 0):
 garbage-first heap   total 481280K, used 274014K [0x0000000080000000, 0x0000000100000000)
  region size 1024K, 17 young (17408K), 17 survivors (17408K)
 Metaspace       used 123109K, committed 123968K, reserved 1163264K
  class space    used 16757K, committed 17152K, reserved 1048576K
}
Event: 33.506 GC heap before
{Heap before GC invocations=58 (full 0):
 garbage-first heap   total 481280K, used 280158K [0x0000000080000000, 0x0000000100000000)
  region size 1024K, 23 young (23552K), 17 survivors (17408K)
 Metaspace       used 123109K, committed 123968K, reserved 1163264K
  class space    used 16757K, committed 17152K, reserved 1048576K
}
Event: 33.541 GC heap after
{Heap after GC invocations=59 (full 0):
 garbage-first heap   total 481280K, used 241664K [0x0000000080000000, 0x0000000100000000)
  region size 1024K, 3 young (3072K), 3 survivors (3072K)
 Metaspace       used 123109K, committed 123968K, reserved 1163264K
  class space    used 16757K, committed 17152K, reserved 1048576K
}
Event: 34.310 GC heap before
{Heap before GC invocations=59 (full 0):
 garbage-first heap   total 481280K, used 372736K [0x0000000080000000, 0x0000000100000000)
  region size 1024K, 116 young (118784K), 3 survivors (3072K)
 Metaspace       used 123130K, committed 123968K, reserved 1163264K
  class space    used 16757K, committed 17152K, reserved 1048576K
}
Event: 34.333 GC heap after
{Heap after GC invocations=60 (full 0):
 garbage-first heap   total 481280K, used 277504K [0x0000000080000000, 0x0000000100000000)
  region size 1024K, 15 young (15360K), 15 survivors (15360K)
 Metaspace       used 123130K, committed 123968K, reserved 1163264K
  class space    used 16757K, committed 17152K, reserved 1048576K
}
Event: 34.451 GC heap before
{Heap before GC invocations=60 (full 0):
 garbage-first heap   total 481280K, used 290816K [0x0000000080000000, 0x0000000100000000)
  region size 1024K, 29 young (29696K), 15 survivors (15360K)
 Metaspace       used 123130K, committed 123968K, reserved 1163264K
  class space    used 16757K, committed 17152K, reserved 1048576K
}
Event: 34.468 GC heap after
{Heap after GC invocations=61 (full 0):
 garbage-first heap   total 481280K, used 280320K [0x0000000080000000, 0x0000000100000000)
  region size 1024K, 2 young (2048K), 2 survivors (2048K)
 Metaspace       used 123130K, committed 123968K, reserved 1163264K
  class space    used 16757K, committed 17152K, reserved 1048576K
}
Event: 35.191 GC heap before
{Heap before GC invocations=62 (full 0):
 garbage-first heap   total 490496K, used 393984K [0x0000000080000000, 0x0000000100000000)
  region size 1024K, 103 young (105472K), 2 survivors (2048K)
 Metaspace       used 123139K, committed 123968K, reserved 1163264K
  class space    used 16756K, committed 17152K, reserved 1048576K
}
Event: 35.209 GC heap after
{Heap after GC invocations=63 (full 0):
 garbage-first heap   total 490496K, used 307712K [0x0000000080000000, 0x0000000100000000)
  region size 1024K, 13 young (13312K), 13 survivors (13312K)
 Metaspace       used 123139K, committed 123968K, reserved 1163264K
  class space    used 16756K, committed 17152K, reserved 1048576K
}
Event: 35.248 GC heap before
{Heap before GC invocations=63 (full 0):
 garbage-first heap   total 490496K, used 317952K [0x0000000080000000, 0x0000000100000000)
  region size 1024K, 23 young (23552K), 13 survivors (13312K)
 Metaspace       used 123139K, committed 123968K, reserved 1163264K
  class space    used 16756K, committed 17152K, reserved 1048576K
}
Event: 35.265 GC heap after
{Heap after GC invocations=64 (full 0):
 garbage-first heap   total 490496K, used 288812K [0x0000000080000000, 0x0000000100000000)
  region size 1024K, 2 young (2048K), 2 survivors (2048K)
 Metaspace       used 123139K, committed 123968K, reserved 1163264K
  class space    used 16756K, committed 17152K, reserved 1048576K
}
Event: 35.453 GC heap before
{Heap before GC invocations=64 (full 0):
 garbage-first heap   total 490496K, used 307244K [0x0000000080000000, 0x0000000100000000)
  region size 1024K, 21 young (21504K), 2 survivors (2048K)
 Metaspace       used 123143K, committed 123968K, reserved 1163264K
  class space    used 16756K, committed 17152K, reserved 1048576K
}

