# JRE version: OpenJDK Runtime Environment (17.0.6) (build 17.0.6+0-b2043.56-10027231)
# Java VM: OpenJDK 64-Bit Server VM (17.0.6+0-b2043.56-10027231, mixed mode, tiered, compressed oops, compressed class ptrs, g1 gc, windows-amd64)
GC Precious Log:
 CPUs: 4 total, 4 available
 Memory: 8035M
 Large Page Support: Disabled
 NUMA Support: Disabled
 Compressed Oops: Enabled (32-bit)
 Heap Region Size: 1M
 Heap Min Capacity: 8M
 Heap Initial Capacity: 126M
 Heap Max Capacity: 2010M
 Pre-touch: Disabled
 Parallel Workers: 4
 Concurrent Workers: 1
 Concurrent Refinement Workers: 4
 Periodic GC: Disabled
Heap:
 garbage-first heap   total 287744K, used 123284K [0x0000000082600000, 0x0000000100000000)
  region size 1024K, 12 young (12288K), 5 survivors (5120K)
 Metaspace       used 86266K, committed 86656K, reserved 1130496K
  class space    used 9495K, committed 9664K, reserved 1048576K
GC Heap History (20 events):
Event: 8.219 GC heap after
{Heap after GC invocations=27 (full 0):
 garbage-first heap   total 143360K, used 45211K [0x0000000082600000, 0x0000000100000000)
  region size 1024K, 2 young (2048K), 2 survivors (2048K)
 Metaspace       used 57307K, committed 57600K, reserved 1105920K
  class space    used 6805K, committed 6912K, reserved 1048576K
}
Event: 9.245 GC heap before
{Heap before GC invocations=28 (full 0):
 garbage-first heap   total 143360K, used 102555K [0x0000000082600000, 0x0000000100000000)
  region size 1024K, 58 young (59392K), 2 survivors (2048K)
 Metaspace       used 58551K, committed 58816K, reserved 1105920K
  class space    used 6864K, committed 6976K, reserved 1048576K
}
Event: 9.261 GC heap after
{Heap after GC invocations=29 (full 0):
 garbage-first heap   total 143360K, used 55351K [0x0000000082600000, 0x0000000100000000)
  region size 1024K, 8 young (8192K), 8 survivors (8192K)
 Metaspace       used 58551K, committed 58816K, reserved 1105920K
  class space    used 6864K, committed 6976K, reserved 1048576K
}
Event: 9.273 GC heap before
{Heap before GC invocations=29 (full 0):
 garbage-first heap   total 143360K, used 56375K [0x0000000082600000, 0x0000000100000000)
  region size 1024K, 9 young (9216K), 8 survivors (8192K)
 Metaspace       used 58553K, committed 58816K, reserved 1105920K
  class space    used 6864K, committed 6976K, reserved 1048576K
}
Event: 9.282 GC heap after
{Heap after GC invocations=30 (full 0):
 garbage-first heap   total 143360K, used 56526K [0x0000000082600000, 0x0000000100000000)
  region size 1024K, 1 young (1024K), 1 survivors (1024K)
 Metaspace       used 58553K, committed 58816K, reserved 1105920K
  class space    used 6864K, committed 6976K, reserved 1048576K
}
Event: 9.623 GC heap before
{Heap before GC invocations=30 (full 0):
 garbage-first heap   total 143360K, used 101582K [0x0000000082600000, 0x0000000100000000)
  region size 1024K, 45 young (46080K), 1 survivors (1024K)
 Metaspace       used 58729K, committed 59072K, reserved 1105920K
  class space    used 6884K, committed 7040K, reserved 1048576K
}
Event: 9.630 GC heap after
{Heap after GC invocations=31 (full 0):
 garbage-first heap   total 143360K, used 60978K [0x0000000082600000, 0x0000000100000000)
  region size 1024K, 6 young (6144K), 6 survivors (6144K)
 Metaspace       used 58729K, committed 59072K, reserved 1105920K
  class space    used 6884K, committed 7040K, reserved 1048576K
}
Event: 9.782 GC heap before
{Heap before GC invocations=31 (full 0):
 garbage-first heap   total 143360K, used 103986K [0x0000000082600000, 0x0000000100000000)
  region size 1024K, 48 young (49152K), 6 survivors (6144K)
 Metaspace       used 58743K, committed 59072K, reserved 1105920K
  class space    used 6885K, committed 7040K, reserved 1048576K
}
Event: 9.787 GC heap after
{Heap after GC invocations=32 (full 0):
 garbage-first heap   total 143360K, used 62015K [0x0000000082600000, 0x0000000100000000)
  region size 1024K, 1 young (1024K), 1 survivors (1024K)
 Metaspace       used 58743K, committed 59072K, reserved 1105920K
  class space    used 6885K, committed 7040K, reserved 1048576K
}
Event: 9.865 GC heap before
{Heap before GC invocations=32 (full 0):
 garbage-first heap   total 143360K, used 110143K [0x0000000082600000, 0x0000000100000000)
  region size 1024K, 48 young (49152K), 1 survivors (1024K)
 Metaspace       used 58743K, committed 59072K, reserved 1105920K
  class space    used 6885K, committed 7040K, reserved 1048576K
}
Event: 9.867 GC heap after
{Heap after GC invocations=33 (full 0):
 garbage-first heap   total 287744K, used 61350K [0x0000000082600000, 0x0000000100000000)
  region size 1024K, 1 young (1024K), 1 survivors (1024K)
 Metaspace       used 58743K, committed 59072K, reserved 1105920K
  class space    used 6885K, committed 7040K, reserved 1048576K
}
Event: 15.391 GC heap before
{Heap before GC invocations=33 (full 0):
 garbage-first heap   total 287744K, used 220070K [0x0000000082600000, 0x0000000100000000)
  region size 1024K, 153 young (156672K), 1 survivors (1024K)
 Metaspace       used 67896K, committed 68288K, reserved 1114112K
  class space    used 7754K, committed 7936K, reserved 1048576K
}
Event: 15.412 GC heap after
{Heap after GC invocations=34 (full 0):
 garbage-first heap   total 287744K, used 79818K [0x0000000082600000, 0x0000000100000000)
  region size 1024K, 17 young (17408K), 17 survivors (17408K)
 Metaspace       used 67896K, committed 68288K, reserved 1114112K
  class space    used 7754K, committed 7936K, reserved 1048576K
}
Event: 18.750 GC heap before
{Heap before GC invocations=34 (full 0):
 garbage-first heap   total 287744K, used 204746K [0x0000000082600000, 0x0000000100000000)
  region size 1024K, 139 young (142336K), 17 survivors (17408K)
 Metaspace       used 75735K, committed 76032K, reserved 1122304K
  class space    used 8490K, committed 8640K, reserved 1048576K
}
Event: 18.776 GC heap after
{Heap after GC invocations=35 (full 0):
 garbage-first heap   total 287744K, used 91444K [0x0000000082600000, 0x0000000100000000)
  region size 1024K, 12 young (12288K), 12 survivors (12288K)
 Metaspace       used 75735K, committed 76032K, reserved 1122304K
  class space    used 8490K, committed 8640K, reserved 1048576K
}
Event: 20.717 GC heap before
{Heap before GC invocations=35 (full 0):
 garbage-first heap   total 287744K, used 213300K [0x0000000082600000, 0x0000000100000000)
  region size 1024K, 131 young (134144K), 12 survivors (12288K)
 Metaspace       used 84521K, committed 84800K, reserved 1130496K
  class space    used 9447K, committed 9600K, reserved 1048576K
}
Event: 20.744 GC heap after
{Heap after GC invocations=36 (full 0):
 garbage-first heap   total 287744K, used 111616K [0x0000000082600000, 0x0000000100000000)
  region size 1024K, 17 young (17408K), 17 survivors (17408K)
 Metaspace       used 84521K, committed 84800K, reserved 1130496K
  class space    used 9447K, committed 9600K, reserved 1048576K
}
Event: 21.493 GC heap before
{Heap before GC invocations=36 (full 0):
 garbage-first heap   total 287744K, used 218112K [0x0000000082600000, 0x0000000100000000)
  region size 1024K, 121 young (123904K), 17 survivors (17408K)
 Metaspace       used 85917K, committed 86272K, reserved 1130496K
  class space    used 9491K, committed 9664K, reserved 1048576K
}
Event: 21.511 GC heap after
{Heap after GC invocations=37 (full 0):
 garbage-first heap   total 287744K, used 115712K [0x0000000082600000, 0x0000000100000000)
  region size 1024K, 4 young (4096K), 4 survivors (4096K)
 Metaspace       used 85917K, committed 86272K, reserved 1130496K
  class space    used 9491K, committed 9664K, reserved 1048576K
}
Event: 21.907 GC heap before
{Heap before GC invocations=37 (full 0):
 garbage-first heap   total 287744K, used 224256K [0x0000000082600000, 0x0000000100000000)
  region size 1024K, 110 young (112640K), 4 survivors (4096K)
 Metaspace       used 86186K, committed 86528K, reserved 1130496K
  class space    used 9494K, committed 9664K, reserved 1048576K
}

